The system is: Linux - 5.3.0-40-generic - x86_64
Compiling the C compiler identification source file "CMakeCCompilerId.c" succeeded.
Compiler: /usr/bin/cc 
Build flags: 
Id flags:  

The output was:
0


Compilation of the C compiler identification source "CMakeCCompilerId.c" produced "a.out"

The C compiler identification is GNU, found in "/home/sanjay/Desktop/Whatsapp/fltk-1.3.5/CMakeFiles/3.10.2/CompilerIdC/a.out"

Compiling the CXX compiler identification source file "CMakeCXXCompilerId.cpp" succeeded.
Compiler: /usr/bin/c++ 
Build flags: 
Id flags:  

The output was:
0


Compilation of the CXX compiler identification source "CMakeCXXCompilerId.cpp" produced "a.out"

The CXX compiler identification is GNU, found in "/home/sanjay/Desktop/Whatsapp/fltk-1.3.5/CMakeFiles/3.10.2/CompilerIdCXX/a.out"

Determining if the C compiler works passed with the following output:
Change Dir: /home/sanjay/Desktop/Whatsapp/fltk-1.3.5/CMakeFiles/CMakeTmp

Run Build Command:"/usr/bin/make" "cmTC_0a071/fast"
/usr/bin/make -f CMakeFiles/cmTC_0a071.dir/build.make CMakeFiles/cmTC_0a071.dir/build
make[1]: Entering directory '/home/sanjay/Desktop/Whatsapp/fltk-1.3.5/CMakeFiles/CMakeTmp'
Building C object CMakeFiles/cmTC_0a071.dir/testCCompiler.c.o
/usr/bin/cc    -o CMakeFiles/cmTC_0a071.dir/testCCompiler.c.o   -c /home/sanjay/Desktop/Whatsapp/fltk-1.3.5/CMakeFiles/CMakeTmp/testCCompiler.c
Linking C executable cmTC_0a071
/usr/bin/cmake -E cmake_link_script CMakeFiles/cmTC_0a071.dir/link.txt --verbose=1
/usr/bin/cc      -rdynamic CMakeFiles/cmTC_0a071.dir/testCCompiler.c.o  -o cmTC_0a071 
make[1]: Leaving directory '/home/sanjay/Desktop/Whatsapp/fltk-1.3.5/CMakeFiles/CMakeTmp'


Detecting C compiler ABI info compiled with the following output:
Change Dir: /home/sanjay/Desktop/Whatsapp/fltk-1.3.5/CMakeFiles/CMakeTmp

Run Build Command:"/usr/bin/make" "cmTC_6edc0/fast"
/usr/bin/make -f CMakeFiles/cmTC_6edc0.dir/build.make CMakeFiles/cmTC_6edc0.dir/build
make[1]: Entering directory '/home/sanjay/Desktop/Whatsapp/fltk-1.3.5/CMakeFiles/CMakeTmp'
Building C object CMakeFiles/cmTC_6edc0.dir/CMakeCCompilerABI.c.o
/usr/bin/cc    -o CMakeFiles/cmTC_6edc0.dir/CMakeCCompilerABI.c.o   -c /usr/share/cmake-3.10/Modules/CMakeCCompilerABI.c
Linking C executable cmTC_6edc0
/usr/bin/cmake -E cmake_link_script CMakeFiles/cmTC_6edc0.dir/link.txt --verbose=1
/usr/bin/cc     -v -rdynamic CMakeFiles/cmTC_6edc0.dir/CMakeCCompilerABI.c.o  -o cmTC_6edc0 
Using built-in specs.
COLLECT_GCC=/usr/bin/cc
COLLECT_LTO_WRAPPER=/usr/lib/gcc/x86_64-linux-gnu/7/lto-wrapper
OFFLOAD_TARGET_NAMES=nvptx-none
OFFLOAD_TARGET_DEFAULT=1
Target: x86_64-linux-gnu
Configured with: ../src/configure -v --with-pkgversion='Ubuntu 7.4.0-1ubuntu1~18.04.1' --with-bugurl=file:///usr/share/doc/gcc-7/README.Bugs --enable-languages=c,ada,c++,go,brig,d,fortran,objc,obj-c++ --prefix=/usr --with-gcc-major-version-only --program-suffix=-7 --program-prefix=x86_64-linux-gnu- --enable-shared --enable-linker-build-id --libexecdir=/usr/lib --without-included-gettext --enable-threads=posix --libdir=/usr/lib --enable-nls --with-sysroot=/ --enable-clocale=gnu --enable-libstdcxx-debug --enable-libstdcxx-time=yes --with-default-libstdcxx-abi=new --enable-gnu-unique-object --disable-vtable-verify --enable-libmpx --enable-plugin --enable-default-pie --with-system-zlib --with-target-system-zlib --enable-objc-gc=auto --enable-multiarch --disable-werror --with-arch-32=i686 --with-abi=m64 --with-multilib-list=m32,m64,mx32 --enable-multilib --with-tune=generic --enable-offload-targets=nvptx-none --without-cuda-driver --enable-checking=release --build=x86_64-linux-gnu --host=x86_64-linux-gnu --target=x86_64-linux-gnu
Thread model: posix
gcc version 7.4.0 (Ubuntu 7.4.0-1ubuntu1~18.04.1) 
COMPILER_PATH=/usr/lib/gcc/x86_64-linux-gnu/7/:/usr/lib/gcc/x86_64-linux-gnu/7/:/usr/lib/gcc/x86_64-linux-gnu/:/usr/lib/gcc/x86_64-linux-gnu/7/:/usr/lib/gcc/x86_64-linux-gnu/
LIBRARY_PATH=/usr/lib/gcc/x86_64-linux-gnu/7/:/usr/lib/gcc/x86_64-linux-gnu/7/../../../x86_64-linux-gnu/:/usr/lib/gcc/x86_64-linux-gnu/7/../../../../lib/:/lib/x86_64-linux-gnu/:/lib/../lib/:/usr/lib/x86_64-linux-gnu/:/usr/lib/../lib/:/usr/lib/gcc/x86_64-linux-gnu/7/../../../:/lib/:/usr/lib/
COLLECT_GCC_OPTIONS='-v' '-rdynamic' '-o' 'cmTC_6edc0' '-mtune=generic' '-march=x86-64'
 /usr/lib/gcc/x86_64-linux-gnu/7/collect2 -plugin /usr/lib/gcc/x86_64-linux-gnu/7/liblto_plugin.so -plugin-opt=/usr/lib/gcc/x86_64-linux-gnu/7/lto-wrapper -plugin-opt=-fresolution=/tmp/ccOSX8e2.res -plugin-opt=-pass-through=-lgcc -plugin-opt=-pass-through=-lgcc_s -plugin-opt=-pass-through=-lc -plugin-opt=-pass-through=-lgcc -plugin-opt=-pass-through=-lgcc_s --sysroot=/ --build-id --eh-frame-hdr -m elf_x86_64 --hash-style=gnu --as-needed -export-dynamic -dynamic-linker /lib64/ld-linux-x86-64.so.2 -pie -z now -z relro -o cmTC_6edc0 /usr/lib/gcc/x86_64-linux-gnu/7/../../../x86_64-linux-gnu/Scrt1.o /usr/lib/gcc/x86_64-linux-gnu/7/../../../x86_64-linux-gnu/crti.o /usr/lib/gcc/x86_64-linux-gnu/7/crtbeginS.o -L/usr/lib/gcc/x86_64-linux-gnu/7 -L/usr/lib/gcc/x86_64-linux-gnu/7/../../../x86_64-linux-gnu -L/usr/lib/gcc/x86_64-linux-gnu/7/../../../../lib -L/lib/x86_64-linux-gnu -L/lib/../lib -L/usr/lib/x86_64-linux-gnu -L/usr/lib/../lib -L/usr/lib/gcc/x86_64-linux-gnu/7/../../.. CMakeFiles/cmTC_6edc0.dir/CMakeCCompilerABI.c.o -lgcc --push-state --as-needed -lgcc_s --pop-state -lc -lgcc --push-state --as-needed -lgcc_s --pop-state /usr/lib/gcc/x86_64-linux-gnu/7/crtendS.o /usr/lib/gcc/x86_64-linux-gnu/7/../../../x86_64-linux-gnu/crtn.o
COLLECT_GCC_OPTIONS='-v' '-rdynamic' '-o' 'cmTC_6edc0' '-mtune=generic' '-march=x86-64'
make[1]: Leaving directory '/home/sanjay/Desktop/Whatsapp/fltk-1.3.5/CMakeFiles/CMakeTmp'


Parsed C implicit link information from above output:
  link line regex: [^( *|.*[/\])(ld|CMAKE_LINK_STARTFILE-NOTFOUND|([^/\]+-)?ld|collect2)[^/\]*( |$)]
  ignore line: [Change Dir: /home/sanjay/Desktop/Whatsapp/fltk-1.3.5/CMakeFiles/CMakeTmp]
  ignore line: []
  ignore line: [Run Build Command:"/usr/bin/make" "cmTC_6edc0/fast"]
  ignore line: [/usr/bin/make -f CMakeFiles/cmTC_6edc0.dir/build.make CMakeFiles/cmTC_6edc0.dir/build]
  ignore line: [make[1]: Entering directory '/home/sanjay/Desktop/Whatsapp/fltk-1.3.5/CMakeFiles/CMakeTmp']
  ignore line: [Building C object CMakeFiles/cmTC_6edc0.dir/CMakeCCompilerABI.c.o]
  ignore line: [/usr/bin/cc    -o CMakeFiles/cmTC_6edc0.dir/CMakeCCompilerABI.c.o   -c /usr/share/cmake-3.10/Modules/CMakeCCompilerABI.c]
  ignore line: [Linking C executable cmTC_6edc0]
  ignore line: [/usr/bin/cmake -E cmake_link_script CMakeFiles/cmTC_6edc0.dir/link.txt --verbose=1]
  ignore line: [/usr/bin/cc     -v -rdynamic CMakeFiles/cmTC_6edc0.dir/CMakeCCompilerABI.c.o  -o cmTC_6edc0 ]
  ignore line: [Using built-in specs.]
  ignore line: [COLLECT_GCC=/usr/bin/cc]
  ignore line: [COLLECT_LTO_WRAPPER=/usr/lib/gcc/x86_64-linux-gnu/7/lto-wrapper]
  ignore line: [OFFLOAD_TARGET_NAMES=nvptx-none]
  ignore line: [OFFLOAD_TARGET_DEFAULT=1]
  ignore line: [Target: x86_64-linux-gnu]
  ignore line: [Configured with: ../src/configure -v --with-pkgversion='Ubuntu 7.4.0-1ubuntu1~18.04.1' --with-bugurl=file:///usr/share/doc/gcc-7/README.Bugs --enable-languages=c,ada,c++,go,brig,d,fortran,objc,obj-c++ --prefix=/usr --with-gcc-major-version-only --program-suffix=-7 --program-prefix=x86_64-linux-gnu- --enable-shared --enable-linker-build-id --libexecdir=/usr/lib --without-included-gettext --enable-threads=posix --libdir=/usr/lib --enable-nls --with-sysroot=/ --enable-clocale=gnu --enable-libstdcxx-debug --enable-libstdcxx-time=yes --with-default-libstdcxx-abi=new --enable-gnu-unique-object --disable-vtable-verify --enable-libmpx --enable-plugin --enable-default-pie --with-system-zlib --with-target-system-zlib --enable-objc-gc=auto --enable-multiarch --disable-werror --with-arch-32=i686 --with-abi=m64 --with-multilib-list=m32,m64,mx32 --enable-multilib --with-tune=generic --enable-offload-targets=nvptx-none --without-cuda-driver --enable-checking=release --build=x86_64-linux-gnu --host=x86_64-linux-gnu --target=x86_64-linux-gnu]
  ignore line: [Thread model: posix]
  ignore line: [gcc version 7.4.0 (Ubuntu 7.4.0-1ubuntu1~18.04.1) ]
  ignore line: [COMPILER_PATH=/usr/lib/gcc/x86_64-linux-gnu/7/:/usr/lib/gcc/x86_64-linux-gnu/7/:/usr/lib/gcc/x86_64-linux-gnu/:/usr/lib/gcc/x86_64-linux-gnu/7/:/usr/lib/gcc/x86_64-linux-gnu/]
  ignore line: [LIBRARY_PATH=/usr/lib/gcc/x86_64-linux-gnu/7/:/usr/lib/gcc/x86_64-linux-gnu/7/../../../x86_64-linux-gnu/:/usr/lib/gcc/x86_64-linux-gnu/7/../../../../lib/:/lib/x86_64-linux-gnu/:/lib/../lib/:/usr/lib/x86_64-linux-gnu/:/usr/lib/../lib/:/usr/lib/gcc/x86_64-linux-gnu/7/../../../:/lib/:/usr/lib/]
  ignore line: [COLLECT_GCC_OPTIONS='-v' '-rdynamic' '-o' 'cmTC_6edc0' '-mtune=generic' '-march=x86-64']
  link line: [ /usr/lib/gcc/x86_64-linux-gnu/7/collect2 -plugin /usr/lib/gcc/x86_64-linux-gnu/7/liblto_plugin.so -plugin-opt=/usr/lib/gcc/x86_64-linux-gnu/7/lto-wrapper -plugin-opt=-fresolution=/tmp/ccOSX8e2.res -plugin-opt=-pass-through=-lgcc -plugin-opt=-pass-through=-lgcc_s -plugin-opt=-pass-through=-lc -plugin-opt=-pass-through=-lgcc -plugin-opt=-pass-through=-lgcc_s --sysroot=/ --build-id --eh-frame-hdr -m elf_x86_64 --hash-style=gnu --as-needed -export-dynamic -dynamic-linker /lib64/ld-linux-x86-64.so.2 -pie -z now -z relro -o cmTC_6edc0 /usr/lib/gcc/x86_64-linux-gnu/7/../../../x86_64-linux-gnu/Scrt1.o /usr/lib/gcc/x86_64-linux-gnu/7/../../../x86_64-linux-gnu/crti.o /usr/lib/gcc/x86_64-linux-gnu/7/crtbeginS.o -L/usr/lib/gcc/x86_64-linux-gnu/7 -L/usr/lib/gcc/x86_64-linux-gnu/7/../../../x86_64-linux-gnu -L/usr/lib/gcc/x86_64-linux-gnu/7/../../../../lib -L/lib/x86_64-linux-gnu -L/lib/../lib -L/usr/lib/x86_64-linux-gnu -L/usr/lib/../lib -L/usr/lib/gcc/x86_64-linux-gnu/7/../../.. CMakeFiles/cmTC_6edc0.dir/CMakeCCompilerABI.c.o -lgcc --push-state --as-needed -lgcc_s --pop-state -lc -lgcc --push-state --as-needed -lgcc_s --pop-state /usr/lib/gcc/x86_64-linux-gnu/7/crtendS.o /usr/lib/gcc/x86_64-linux-gnu/7/../../../x86_64-linux-gnu/crtn.o]
    arg [/usr/lib/gcc/x86_64-linux-gnu/7/collect2] ==> ignore
    arg [-plugin] ==> ignore
    arg [/usr/lib/gcc/x86_64-linux-gnu/7/liblto_plugin.so] ==> ignore
    arg [-plugin-opt=/usr/lib/gcc/x86_64-linux-gnu/7/lto-wrapper] ==> ignore
    arg [-plugin-opt=-fresolution=/tmp/ccOSX8e2.res] ==> ignore
    arg [-plugin-opt=-pass-through=-lgcc] ==> ignore
    arg [-plugin-opt=-pass-through=-lgcc_s] ==> ignore
    arg [-plugin-opt=-pass-through=-lc] ==> ignore
    arg [-plugin-opt=-pass-through=-lgcc] ==> ignore
    arg [-plugin-opt=-pass-through=-lgcc_s] ==> ignore
    arg [--sysroot=/] ==> ignore
    arg [--build-id] ==> ignore
    arg [--eh-frame-hdr] ==> ignore
    arg [-m] ==> ignore
    arg [elf_x86_64] ==> ignore
    arg [--hash-style=gnu] ==> ignore
    arg [--as-needed] ==> ignore
    arg [-export-dynamic] ==> ignore
    arg [-dynamic-linker] ==> ignore
    arg [/lib64/ld-linux-x86-64.so.2] ==> ignore
    arg [-pie] ==> ignore
    arg [-znow] ==> ignore
    arg [-zrelro] ==> ignore
    arg [-o] ==> ignore
    arg [cmTC_6edc0] ==> ignore
    arg [/usr/lib/gcc/x86_64-linux-gnu/7/../../../x86_64-linux-gnu/Scrt1.o] ==> ignore
    arg [/usr/lib/gcc/x86_64-linux-gnu/7/../../../x86_64-linux-gnu/crti.o] ==> ignore
    arg [/usr/lib/gcc/x86_64-linux-gnu/7/crtbeginS.o] ==> ignore
    arg [-L/usr/lib/gcc/x86_64-linux-gnu/7] ==> dir [/usr/lib/gcc/x86_64-linux-gnu/7]
    arg [-L/usr/lib/gcc/x86_64-linux-gnu/7/../../../x86_64-linux-gnu] ==> dir [/usr/lib/gcc/x86_64-linux-gnu/7/../../../x86_64-linux-gnu]
    arg [-L/usr/lib/gcc/x86_64-linux-gnu/7/../../../../lib] ==> dir [/usr/lib/gcc/x86_64-linux-gnu/7/../../../../lib]
    arg [-L/lib/x86_64-linux-gnu] ==> dir [/lib/x86_64-linux-gnu]
    arg [-L/lib/../lib] ==> dir [/lib/../lib]
    arg [-L/usr/lib/x86_64-linux-gnu] ==> dir [/usr/lib/x86_64-linux-gnu]
    arg [-L/usr/lib/../lib] ==> dir [/usr/lib/../lib]
    arg [-L/usr/lib/gcc/x86_64-linux-gnu/7/../../..] ==> dir [/usr/lib/gcc/x86_64-linux-gnu/7/../../..]
    arg [CMakeFiles/cmTC_6edc0.dir/CMakeCCompilerABI.c.o] ==> ignore
    arg [-lgcc] ==> lib [gcc]
    arg [--push-state] ==> ignore
    arg [--as-needed] ==> ignore
    arg [-lgcc_s] ==> lib [gcc_s]
    arg [--pop-state] ==> ignore
    arg [-lc] ==> lib [c]
    arg [-lgcc] ==> lib [gcc]
    arg [--push-state] ==> ignore
    arg [--as-needed] ==> ignore
    arg [-lgcc_s] ==> lib [gcc_s]
    arg [--pop-state] ==> ignore
    arg [/usr/lib/gcc/x86_64-linux-gnu/7/crtendS.o] ==> ignore
    arg [/usr/lib/gcc/x86_64-linux-gnu/7/../../../x86_64-linux-gnu/crtn.o] ==> ignore
  collapse library dir [/usr/lib/gcc/x86_64-linux-gnu/7] ==> [/usr/lib/gcc/x86_64-linux-gnu/7]
  collapse library dir [/usr/lib/gcc/x86_64-linux-gnu/7/../../../x86_64-linux-gnu] ==> [/usr/lib/x86_64-linux-gnu]
  collapse library dir [/usr/lib/gcc/x86_64-linux-gnu/7/../../../../lib] ==> [/usr/lib]
  collapse library dir [/lib/x86_64-linux-gnu] ==> [/lib/x86_64-linux-gnu]
  collapse library dir [/lib/../lib] ==> [/lib]
  collapse library dir [/usr/lib/x86_64-linux-gnu] ==> [/usr/lib/x86_64-linux-gnu]
  collapse library dir [/usr/lib/../lib] ==> [/usr/lib]
  collapse library dir [/usr/lib/gcc/x86_64-linux-gnu/7/../../..] ==> [/usr/lib]
  implicit libs: [gcc;gcc_s;c;gcc;gcc_s]
  implicit dirs: [/usr/lib/gcc/x86_64-linux-gnu/7;/usr/lib/x86_64-linux-gnu;/usr/lib;/lib/x86_64-linux-gnu;/lib]
  implicit fwks: []




Detecting C [-std=c11] compiler features compiled with the following output:
Change Dir: /home/sanjay/Desktop/Whatsapp/fltk-1.3.5/CMakeFiles/CMakeTmp

Run Build Command:"/usr/bin/make" "cmTC_9b392/fast"
/usr/bin/make -f CMakeFiles/cmTC_9b392.dir/build.make CMakeFiles/cmTC_9b392.dir/build
make[1]: Entering directory '/home/sanjay/Desktop/Whatsapp/fltk-1.3.5/CMakeFiles/CMakeTmp'
Building C object CMakeFiles/cmTC_9b392.dir/feature_tests.c.o
/usr/bin/cc   -std=c11 -o CMakeFiles/cmTC_9b392.dir/feature_tests.c.o   -c /home/sanjay/Desktop/Whatsapp/fltk-1.3.5/CMakeFiles/feature_tests.c
Linking C executable cmTC_9b392
/usr/bin/cmake -E cmake_link_script CMakeFiles/cmTC_9b392.dir/link.txt --verbose=1
/usr/bin/cc      -rdynamic CMakeFiles/cmTC_9b392.dir/feature_tests.c.o  -o cmTC_9b392 
make[1]: Leaving directory '/home/sanjay/Desktop/Whatsapp/fltk-1.3.5/CMakeFiles/CMakeTmp'


    Feature record: C_FEATURE:1c_function_prototypes
    Feature record: C_FEATURE:1c_restrict
    Feature record: C_FEATURE:1c_static_assert
    Feature record: C_FEATURE:1c_variadic_macros


Detecting C [-std=c99] compiler features compiled with the following output:
Change Dir: /home/sanjay/Desktop/Whatsapp/fltk-1.3.5/CMakeFiles/CMakeTmp

Run Build Command:"/usr/bin/make" "cmTC_53b57/fast"
/usr/bin/make -f CMakeFiles/cmTC_53b57.dir/build.make CMakeFiles/cmTC_53b57.dir/build
make[1]: Entering directory '/home/sanjay/Desktop/Whatsapp/fltk-1.3.5/CMakeFiles/CMakeTmp'
Building C object CMakeFiles/cmTC_53b57.dir/feature_tests.c.o
/usr/bin/cc   -std=c99 -o CMakeFiles/cmTC_53b57.dir/feature_tests.c.o   -c /home/sanjay/Desktop/Whatsapp/fltk-1.3.5/CMakeFiles/feature_tests.c
Linking C executable cmTC_53b57
/usr/bin/cmake -E cmake_link_script CMakeFiles/cmTC_53b57.dir/link.txt --verbose=1
/usr/bin/cc      -rdynamic CMakeFiles/cmTC_53b57.dir/feature_tests.c.o  -o cmTC_53b57 
make[1]: Leaving directory '/home/sanjay/Desktop/Whatsapp/fltk-1.3.5/CMakeFiles/CMakeTmp'


    Feature record: C_FEATURE:1c_function_prototypes
    Feature record: C_FEATURE:1c_restrict
    Feature record: C_FEATURE:0c_static_assert
    Feature record: C_FEATURE:1c_variadic_macros


Detecting C [-std=c90] compiler features compiled with the following output:
Change Dir: /home/sanjay/Desktop/Whatsapp/fltk-1.3.5/CMakeFiles/CMakeTmp

Run Build Command:"/usr/bin/make" "cmTC_bd8f6/fast"
/usr/bin/make -f CMakeFiles/cmTC_bd8f6.dir/build.make CMakeFiles/cmTC_bd8f6.dir/build
make[1]: Entering directory '/home/sanjay/Desktop/Whatsapp/fltk-1.3.5/CMakeFiles/CMakeTmp'
Building C object CMakeFiles/cmTC_bd8f6.dir/feature_tests.c.o
/usr/bin/cc   -std=c90 -o CMakeFiles/cmTC_bd8f6.dir/feature_tests.c.o   -c /home/sanjay/Desktop/Whatsapp/fltk-1.3.5/CMakeFiles/feature_tests.c
Linking C executable cmTC_bd8f6
/usr/bin/cmake -E cmake_link_script CMakeFiles/cmTC_bd8f6.dir/link.txt --verbose=1
/usr/bin/cc      -rdynamic CMakeFiles/cmTC_bd8f6.dir/feature_tests.c.o  -o cmTC_bd8f6 
make[1]: Leaving directory '/home/sanjay/Desktop/Whatsapp/fltk-1.3.5/CMakeFiles/CMakeTmp'


    Feature record: C_FEATURE:1c_function_prototypes
    Feature record: C_FEATURE:0c_restrict
    Feature record: C_FEATURE:0c_static_assert
    Feature record: C_FEATURE:0c_variadic_macros
Determining if the CXX compiler works passed with the following output:
Change Dir: /home/sanjay/Desktop/Whatsapp/fltk-1.3.5/CMakeFiles/CMakeTmp

Run Build Command:"/usr/bin/make" "cmTC_42844/fast"
/usr/bin/make -f CMakeFiles/cmTC_42844.dir/build.make CMakeFiles/cmTC_42844.dir/build
make[1]: Entering directory '/home/sanjay/Desktop/Whatsapp/fltk-1.3.5/CMakeFiles/CMakeTmp'
Building CXX object CMakeFiles/cmTC_42844.dir/testCXXCompiler.cxx.o
/usr/bin/c++     -o CMakeFiles/cmTC_42844.dir/testCXXCompiler.cxx.o -c /home/sanjay/Desktop/Whatsapp/fltk-1.3.5/CMakeFiles/CMakeTmp/testCXXCompiler.cxx
Linking CXX executable cmTC_42844
/usr/bin/cmake -E cmake_link_script CMakeFiles/cmTC_42844.dir/link.txt --verbose=1
/usr/bin/c++       -rdynamic CMakeFiles/cmTC_42844.dir/testCXXCompiler.cxx.o  -o cmTC_42844 
make[1]: Leaving directory '/home/sanjay/Desktop/Whatsapp/fltk-1.3.5/CMakeFiles/CMakeTmp'


Detecting CXX compiler ABI info compiled with the following output:
Change Dir: /home/sanjay/Desktop/Whatsapp/fltk-1.3.5/CMakeFiles/CMakeTmp

Run Build Command:"/usr/bin/make" "cmTC_5385e/fast"
/usr/bin/make -f CMakeFiles/cmTC_5385e.dir/build.make CMakeFiles/cmTC_5385e.dir/build
make[1]: Entering directory '/home/sanjay/Desktop/Whatsapp/fltk-1.3.5/CMakeFiles/CMakeTmp'
Building CXX object CMakeFiles/cmTC_5385e.dir/CMakeCXXCompilerABI.cpp.o
/usr/bin/c++     -o CMakeFiles/cmTC_5385e.dir/CMakeCXXCompilerABI.cpp.o -c /usr/share/cmake-3.10/Modules/CMakeCXXCompilerABI.cpp
Linking CXX executable cmTC_5385e
/usr/bin/cmake -E cmake_link_script CMakeFiles/cmTC_5385e.dir/link.txt --verbose=1
/usr/bin/c++      -v -rdynamic CMakeFiles/cmTC_5385e.dir/CMakeCXXCompilerABI.cpp.o  -o cmTC_5385e 
Using built-in specs.
COLLECT_GCC=/usr/bin/c++
COLLECT_LTO_WRAPPER=/usr/lib/gcc/x86_64-linux-gnu/7/lto-wrapper
OFFLOAD_TARGET_NAMES=nvptx-none
OFFLOAD_TARGET_DEFAULT=1
Target: x86_64-linux-gnu
Configured with: ../src/configure -v --with-pkgversion='Ubuntu 7.4.0-1ubuntu1~18.04.1' --with-bugurl=file:///usr/share/doc/gcc-7/README.Bugs --enable-languages=c,ada,c++,go,brig,d,fortran,objc,obj-c++ --prefix=/usr --with-gcc-major-version-only --program-suffix=-7 --program-prefix=x86_64-linux-gnu- --enable-shared --enable-linker-build-id --libexecdir=/usr/lib --without-included-gettext --enable-threads=posix --libdir=/usr/lib --enable-nls --with-sysroot=/ --enable-clocale=gnu --enable-libstdcxx-debug --enable-libstdcxx-time=yes --with-default-libstdcxx-abi=new --enable-gnu-unique-object --disable-vtable-verify --enable-libmpx --enable-plugin --enable-default-pie --with-system-zlib --with-target-system-zlib --enable-objc-gc=auto --enable-multiarch --disable-werror --with-arch-32=i686 --with-abi=m64 --with-multilib-list=m32,m64,mx32 --enable-multilib --with-tune=generic --enable-offload-targets=nvptx-none --without-cuda-driver --enable-checking=release --build=x86_64-linux-gnu --host=x86_64-linux-gnu --target=x86_64-linux-gnu
Thread model: posix
gcc version 7.4.0 (Ubuntu 7.4.0-1ubuntu1~18.04.1) 
COMPILER_PATH=/usr/lib/gcc/x86_64-linux-gnu/7/:/usr/lib/gcc/x86_64-linux-gnu/7/:/usr/lib/gcc/x86_64-linux-gnu/:/usr/lib/gcc/x86_64-linux-gnu/7/:/usr/lib/gcc/x86_64-linux-gnu/
LIBRARY_PATH=/usr/lib/gcc/x86_64-linux-gnu/7/:/usr/lib/gcc/x86_64-linux-gnu/7/../../../x86_64-linux-gnu/:/usr/lib/gcc/x86_64-linux-gnu/7/../../../../lib/:/lib/x86_64-linux-gnu/:/lib/../lib/:/usr/lib/x86_64-linux-gnu/:/usr/lib/../lib/:/usr/lib/gcc/x86_64-linux-gnu/7/../../../:/lib/:/usr/lib/
COLLECT_GCC_OPTIONS='-v' '-rdynamic' '-o' 'cmTC_5385e' '-shared-libgcc' '-mtune=generic' '-march=x86-64'
 /usr/lib/gcc/x86_64-linux-gnu/7/collect2 -plugin /usr/lib/gcc/x86_64-linux-gnu/7/liblto_plugin.so -plugin-opt=/usr/lib/gcc/x86_64-linux-gnu/7/lto-wrapper -plugin-opt=-fresolution=/tmp/ccs15ubk.res -plugin-opt=-pass-through=-lgcc_s -plugin-opt=-pass-through=-lgcc -plugin-opt=-pass-through=-lc -plugin-opt=-pass-through=-lgcc_s -plugin-opt=-pass-through=-lgcc --sysroot=/ --build-id --eh-frame-hdr -m elf_x86_64 --hash-style=gnu --as-needed -export-dynamic -dynamic-linker /lib64/ld-linux-x86-64.so.2 -pie -z now -z relro -o cmTC_5385e /usr/lib/gcc/x86_64-linux-gnu/7/../../../x86_64-linux-gnu/Scrt1.o /usr/lib/gcc/x86_64-linux-gnu/7/../../../x86_64-linux-gnu/crti.o /usr/lib/gcc/x86_64-linux-gnu/7/crtbeginS.o -L/usr/lib/gcc/x86_64-linux-gnu/7 -L/usr/lib/gcc/x86_64-linux-gnu/7/../../../x86_64-linux-gnu -L/usr/lib/gcc/x86_64-linux-gnu/7/../../../../lib -L/lib/x86_64-linux-gnu -L/lib/../lib -L/usr/lib/x86_64-linux-gnu -L/usr/lib/../lib -L/usr/lib/gcc/x86_64-linux-gnu/7/../../.. CMakeFiles/cmTC_5385e.dir/CMakeCXXCompilerABI.cpp.o -lstdc++ -lm -lgcc_s -lgcc -lc -lgcc_s -lgcc /usr/lib/gcc/x86_64-linux-gnu/7/crtendS.o /usr/lib/gcc/x86_64-linux-gnu/7/../../../x86_64-linux-gnu/crtn.o
COLLECT_GCC_OPTIONS='-v' '-rdynamic' '-o' 'cmTC_5385e' '-shared-libgcc' '-mtune=generic' '-march=x86-64'
make[1]: Leaving directory '/home/sanjay/Desktop/Whatsapp/fltk-1.3.5/CMakeFiles/CMakeTmp'


Parsed CXX implicit link information from above output:
  link line regex: [^( *|.*[/\])(ld|CMAKE_LINK_STARTFILE-NOTFOUND|([^/\]+-)?ld|collect2)[^/\]*( |$)]
  ignore line: [Change Dir: /home/sanjay/Desktop/Whatsapp/fltk-1.3.5/CMakeFiles/CMakeTmp]
  ignore line: []
  ignore line: [Run Build Command:"/usr/bin/make" "cmTC_5385e/fast"]
  ignore line: [/usr/bin/make -f CMakeFiles/cmTC_5385e.dir/build.make CMakeFiles/cmTC_5385e.dir/build]
  ignore line: [make[1]: Entering directory '/home/sanjay/Desktop/Whatsapp/fltk-1.3.5/CMakeFiles/CMakeTmp']
  ignore line: [Building CXX object CMakeFiles/cmTC_5385e.dir/CMakeCXXCompilerABI.cpp.o]
  ignore line: [/usr/bin/c++     -o CMakeFiles/cmTC_5385e.dir/CMakeCXXCompilerABI.cpp.o -c /usr/share/cmake-3.10/Modules/CMakeCXXCompilerABI.cpp]
  ignore line: [Linking CXX executable cmTC_5385e]
  ignore line: [/usr/bin/cmake -E cmake_link_script CMakeFiles/cmTC_5385e.dir/link.txt --verbose=1]
  ignore line: [/usr/bin/c++      -v -rdynamic CMakeFiles/cmTC_5385e.dir/CMakeCXXCompilerABI.cpp.o  -o cmTC_5385e ]
  ignore line: [Using built-in specs.]
  ignore line: [COLLECT_GCC=/usr/bin/c++]
  ignore line: [COLLECT_LTO_WRAPPER=/usr/lib/gcc/x86_64-linux-gnu/7/lto-wrapper]
  ignore line: [OFFLOAD_TARGET_NAMES=nvptx-none]
  ignore line: [OFFLOAD_TARGET_DEFAULT=1]
  ignore line: [Target: x86_64-linux-gnu]
  ignore line: [Configured with: ../src/configure -v --with-pkgversion='Ubuntu 7.4.0-1ubuntu1~18.04.1' --with-bugurl=file:///usr/share/doc/gcc-7/README.Bugs --enable-languages=c,ada,c++,go,brig,d,fortran,objc,obj-c++ --prefix=/usr --with-gcc-major-version-only --program-suffix=-7 --program-prefix=x86_64-linux-gnu- --enable-shared --enable-linker-build-id --libexecdir=/usr/lib --without-included-gettext --enable-threads=posix --libdir=/usr/lib --enable-nls --with-sysroot=/ --enable-clocale=gnu --enable-libstdcxx-debug --enable-libstdcxx-time=yes --with-default-libstdcxx-abi=new --enable-gnu-unique-object --disable-vtable-verify --enable-libmpx --enable-plugin --enable-default-pie --with-system-zlib --with-target-system-zlib --enable-objc-gc=auto --enable-multiarch --disable-werror --with-arch-32=i686 --with-abi=m64 --with-multilib-list=m32,m64,mx32 --enable-multilib --with-tune=generic --enable-offload-targets=nvptx-none --without-cuda-driver --enable-checking=release --build=x86_64-linux-gnu --host=x86_64-linux-gnu --target=x86_64-linux-gnu]
  ignore line: [Thread model: posix]
  ignore line: [gcc version 7.4.0 (Ubuntu 7.4.0-1ubuntu1~18.04.1) ]
  ignore line: [COMPILER_PATH=/usr/lib/gcc/x86_64-linux-gnu/7/:/usr/lib/gcc/x86_64-linux-gnu/7/:/usr/lib/gcc/x86_64-linux-gnu/:/usr/lib/gcc/x86_64-linux-gnu/7/:/usr/lib/gcc/x86_64-linux-gnu/]
  ignore line: [LIBRARY_PATH=/usr/lib/gcc/x86_64-linux-gnu/7/:/usr/lib/gcc/x86_64-linux-gnu/7/../../../x86_64-linux-gnu/:/usr/lib/gcc/x86_64-linux-gnu/7/../../../../lib/:/lib/x86_64-linux-gnu/:/lib/../lib/:/usr/lib/x86_64-linux-gnu/:/usr/lib/../lib/:/usr/lib/gcc/x86_64-linux-gnu/7/../../../:/lib/:/usr/lib/]
  ignore line: [COLLECT_GCC_OPTIONS='-v' '-rdynamic' '-o' 'cmTC_5385e' '-shared-libgcc' '-mtune=generic' '-march=x86-64']
  link line: [ /usr/lib/gcc/x86_64-linux-gnu/7/collect2 -plugin /usr/lib/gcc/x86_64-linux-gnu/7/liblto_plugin.so -plugin-opt=/usr/lib/gcc/x86_64-linux-gnu/7/lto-wrapper -plugin-opt=-fresolution=/tmp/ccs15ubk.res -plugin-opt=-pass-through=-lgcc_s -plugin-opt=-pass-through=-lgcc -plugin-opt=-pass-through=-lc -plugin-opt=-pass-through=-lgcc_s -plugin-opt=-pass-through=-lgcc --sysroot=/ --build-id --eh-frame-hdr -m elf_x86_64 --hash-style=gnu --as-needed -export-dynamic -dynamic-linker /lib64/ld-linux-x86-64.so.2 -pie -z now -z relro -o cmTC_5385e /usr/lib/gcc/x86_64-linux-gnu/7/../../../x86_64-linux-gnu/Scrt1.o /usr/lib/gcc/x86_64-linux-gnu/7/../../../x86_64-linux-gnu/crti.o /usr/lib/gcc/x86_64-linux-gnu/7/crtbeginS.o -L/usr/lib/gcc/x86_64-linux-gnu/7 -L/usr/lib/gcc/x86_64-linux-gnu/7/../../../x86_64-linux-gnu -L/usr/lib/gcc/x86_64-linux-gnu/7/../../../../lib -L/lib/x86_64-linux-gnu -L/lib/../lib -L/usr/lib/x86_64-linux-gnu -L/usr/lib/../lib -L/usr/lib/gcc/x86_64-linux-gnu/7/../../.. CMakeFiles/cmTC_5385e.dir/CMakeCXXCompilerABI.cpp.o -lstdc++ -lm -lgcc_s -lgcc -lc -lgcc_s -lgcc /usr/lib/gcc/x86_64-linux-gnu/7/crtendS.o /usr/lib/gcc/x86_64-linux-gnu/7/../../../x86_64-linux-gnu/crtn.o]
    arg [/usr/lib/gcc/x86_64-linux-gnu/7/collect2] ==> ignore
    arg [-plugin] ==> ignore
    arg [/usr/lib/gcc/x86_64-linux-gnu/7/liblto_plugin.so] ==> ignore
    arg [-plugin-opt=/usr/lib/gcc/x86_64-linux-gnu/7/lto-wrapper] ==> ignore
    arg [-plugin-opt=-fresolution=/tmp/ccs15ubk.res] ==> ignore
    arg [-plugin-opt=-pass-through=-lgcc_s] ==> ignore
    arg [-plugin-opt=-pass-through=-lgcc] ==> ignore
    arg [-plugin-opt=-pass-through=-lc] ==> ignore
    arg [-plugin-opt=-pass-through=-lgcc_s] ==> ignore
    arg [-plugin-opt=-pass-through=-lgcc] ==> ignore
    arg [--sysroot=/] ==> ignore
    arg [--build-id] ==> ignore
    arg [--eh-frame-hdr] ==> ignore
    arg [-m] ==> ignore
    arg [elf_x86_64] ==> ignore
    arg [--hash-style=gnu] ==> ignore
    arg [--as-needed] ==> ignore
    arg [-export-dynamic] ==> ignore
    arg [-dynamic-linker] ==> ignore
    arg [/lib64/ld-linux-x86-64.so.2] ==> ignore
    arg [-pie] ==> ignore
    arg [-znow] ==> ignore
    arg [-zrelro] ==> ignore
    arg [-o] ==> ignore
    arg [cmTC_5385e] ==> ignore
    arg [/usr/lib/gcc/x86_64-linux-gnu/7/../../../x86_64-linux-gnu/Scrt1.o] ==> ignore
    arg [/usr/lib/gcc/x86_64-linux-gnu/7/../../../x86_64-linux-gnu/crti.o] ==> ignore
    arg [/usr/lib/gcc/x86_64-linux-gnu/7/crtbeginS.o] ==> ignore
    arg [-L/usr/lib/gcc/x86_64-linux-gnu/7] ==> dir [/usr/lib/gcc/x86_64-linux-gnu/7]
    arg [-L/usr/lib/gcc/x86_64-linux-gnu/7/../../../x86_64-linux-gnu] ==> dir [/usr/lib/gcc/x86_64-linux-gnu/7/../../../x86_64-linux-gnu]
    arg [-L/usr/lib/gcc/x86_64-linux-gnu/7/../../../../lib] ==> dir [/usr/lib/gcc/x86_64-linux-gnu/7/../../../../lib]
    arg [-L/lib/x86_64-linux-gnu] ==> dir [/lib/x86_64-linux-gnu]
    arg [-L/lib/../lib] ==> dir [/lib/../lib]
    arg [-L/usr/lib/x86_64-linux-gnu] ==> dir [/usr/lib/x86_64-linux-gnu]
    arg [-L/usr/lib/../lib] ==> dir [/usr/lib/../lib]
    arg [-L/usr/lib/gcc/x86_64-linux-gnu/7/../../..] ==> dir [/usr/lib/gcc/x86_64-linux-gnu/7/../../..]
    arg [CMakeFiles/cmTC_5385e.dir/CMakeCXXCompilerABI.cpp.o] ==> ignore
    arg [-lstdc++] ==> lib [stdc++]
    arg [-lm] ==> lib [m]
    arg [-lgcc_s] ==> lib [gcc_s]
    arg [-lgcc] ==> lib [gcc]
    arg [-lc] ==> lib [c]
    arg [-lgcc_s] ==> lib [gcc_s]
    arg [-lgcc] ==> lib [gcc]
    arg [/usr/lib/gcc/x86_64-linux-gnu/7/crtendS.o] ==> ignore
    arg [/usr/lib/gcc/x86_64-linux-gnu/7/../../../x86_64-linux-gnu/crtn.o] ==> ignore
  collapse library dir [/usr/lib/gcc/x86_64-linux-gnu/7] ==> [/usr/lib/gcc/x86_64-linux-gnu/7]
  collapse library dir [/usr/lib/gcc/x86_64-linux-gnu/7/../../../x86_64-linux-gnu] ==> [/usr/lib/x86_64-linux-gnu]
  collapse library dir [/usr/lib/gcc/x86_64-linux-gnu/7/../../../../lib] ==> [/usr/lib]
  collapse library dir [/lib/x86_64-linux-gnu] ==> [/lib/x86_64-linux-gnu]
  collapse library dir [/lib/../lib] ==> [/lib]
  collapse library dir [/usr/lib/x86_64-linux-gnu] ==> [/usr/lib/x86_64-linux-gnu]
  collapse library dir [/usr/lib/../lib] ==> [/usr/lib]
  collapse library dir [/usr/lib/gcc/x86_64-linux-gnu/7/../../..] ==> [/usr/lib]
  implicit libs: [stdc++;m;gcc_s;gcc;c;gcc_s;gcc]
  implicit dirs: [/usr/lib/gcc/x86_64-linux-gnu/7;/usr/lib/x86_64-linux-gnu;/usr/lib;/lib/x86_64-linux-gnu;/lib]
  implicit fwks: []




Detecting CXX [-std=c++1z] compiler features compiled with the following output:
Change Dir: /home/sanjay/Desktop/Whatsapp/fltk-1.3.5/CMakeFiles/CMakeTmp

Run Build Command:"/usr/bin/make" "cmTC_c4899/fast"
/usr/bin/make -f CMakeFiles/cmTC_c4899.dir/build.make CMakeFiles/cmTC_c4899.dir/build
make[1]: Entering directory '/home/sanjay/Desktop/Whatsapp/fltk-1.3.5/CMakeFiles/CMakeTmp'
Building CXX object CMakeFiles/cmTC_c4899.dir/feature_tests.cxx.o
/usr/bin/c++    -std=c++1z -o CMakeFiles/cmTC_c4899.dir/feature_tests.cxx.o -c /home/sanjay/Desktop/Whatsapp/fltk-1.3.5/CMakeFiles/feature_tests.cxx
Linking CXX executable cmTC_c4899
/usr/bin/cmake -E cmake_link_script CMakeFiles/cmTC_c4899.dir/link.txt --verbose=1
/usr/bin/c++       -rdynamic CMakeFiles/cmTC_c4899.dir/feature_tests.cxx.o  -o cmTC_c4899 
make[1]: Leaving directory '/home/sanjay/Desktop/Whatsapp/fltk-1.3.5/CMakeFiles/CMakeTmp'


    Feature record: CXX_FEATURE:1cxx_aggregate_default_initializers
    Feature record: CXX_FEATURE:1cxx_alias_templates
    Feature record: CXX_FEATURE:1cxx_alignas
    Feature record: CXX_FEATURE:1cxx_alignof
    Feature record: CXX_FEATURE:1cxx_attributes
    Feature record: CXX_FEATURE:1cxx_attribute_deprecated
    Feature record: CXX_FEATURE:1cxx_auto_type
    Feature record: CXX_FEATURE:1cxx_binary_literals
    Feature record: CXX_FEATURE:1cxx_constexpr
    Feature record: CXX_FEATURE:1cxx_contextual_conversions
    Feature record: CXX_FEATURE:1cxx_decltype
    Feature record: CXX_FEATURE:1cxx_decltype_auto
    Feature record: CXX_FEATURE:1cxx_decltype_incomplete_return_types
    Feature record: CXX_FEATURE:1cxx_default_function_template_args
    Feature record: CXX_FEATURE:1cxx_defaulted_functions
    Feature record: CXX_FEATURE:1cxx_defaulted_move_initializers
    Feature record: CXX_FEATURE:1cxx_delegating_constructors
    Feature record: CXX_FEATURE:1cxx_deleted_functions
    Feature record: CXX_FEATURE:1cxx_digit_separators
    Feature record: CXX_FEATURE:1cxx_enum_forward_declarations
    Feature record: CXX_FEATURE:1cxx_explicit_conversions
    Feature record: CXX_FEATURE:1cxx_extended_friend_declarations
    Feature record: CXX_FEATURE:1cxx_extern_templates
    Feature record: CXX_FEATURE:1cxx_final
    Feature record: CXX_FEATURE:1cxx_func_identifier
    Feature record: CXX_FEATURE:1cxx_generalized_initializers
    Feature record: CXX_FEATURE:1cxx_generic_lambdas
    Feature record: CXX_FEATURE:1cxx_inheriting_constructors
    Feature record: CXX_FEATURE:1cxx_inline_namespaces
    Feature record: CXX_FEATURE:1cxx_lambdas
    Feature record: CXX_FEATURE:1cxx_lambda_init_captures
    Feature record: CXX_FEATURE:1cxx_local_type_template_args
    Feature record: CXX_FEATURE:1cxx_long_long_type
    Feature record: CXX_FEATURE:1cxx_noexcept
    Feature record: CXX_FEATURE:1cxx_nonstatic_member_init
    Feature record: CXX_FEATURE:1cxx_nullptr
    Feature record: CXX_FEATURE:1cxx_override
    Feature record: CXX_FEATURE:1cxx_range_for
    Feature record: CXX_FEATURE:1cxx_raw_string_literals
    Feature record: CXX_FEATURE:1cxx_reference_qualified_functions
    Feature record: CXX_FEATURE:1cxx_relaxed_constexpr
    Feature record: CXX_FEATURE:1cxx_return_type_deduction
    Feature record: CXX_FEATURE:1cxx_right_angle_brackets
    Feature record: CXX_FEATURE:1cxx_rvalue_references
    Feature record: CXX_FEATURE:1cxx_sizeof_member
    Feature record: CXX_FEATURE:1cxx_static_assert
    Feature record: CXX_FEATURE:1cxx_strong_enums
    Feature record: CXX_FEATURE:1cxx_template_template_parameters
    Feature record: CXX_FEATURE:1cxx_thread_local
    Feature record: CXX_FEATURE:1cxx_trailing_return_types
    Feature record: CXX_FEATURE:1cxx_unicode_literals
    Feature record: CXX_FEATURE:1cxx_uniform_initialization
    Feature record: CXX_FEATURE:1cxx_unrestricted_unions
    Feature record: CXX_FEATURE:1cxx_user_literals
    Feature record: CXX_FEATURE:1cxx_variable_templates
    Feature record: CXX_FEATURE:1cxx_variadic_macros
    Feature record: CXX_FEATURE:1cxx_variadic_templates


Detecting CXX [-std=c++14] compiler features compiled with the following output:
Change Dir: /home/sanjay/Desktop/Whatsapp/fltk-1.3.5/CMakeFiles/CMakeTmp

Run Build Command:"/usr/bin/make" "cmTC_fd029/fast"
/usr/bin/make -f CMakeFiles/cmTC_fd029.dir/build.make CMakeFiles/cmTC_fd029.dir/build
make[1]: Entering directory '/home/sanjay/Desktop/Whatsapp/fltk-1.3.5/CMakeFiles/CMakeTmp'
Building CXX object CMakeFiles/cmTC_fd029.dir/feature_tests.cxx.o
/usr/bin/c++    -std=c++14 -o CMakeFiles/cmTC_fd029.dir/feature_tests.cxx.o -c /home/sanjay/Desktop/Whatsapp/fltk-1.3.5/CMakeFiles/feature_tests.cxx
Linking CXX executable cmTC_fd029
/usr/bin/cmake -E cmake_link_script CMakeFiles/cmTC_fd029.dir/link.txt --verbose=1
/usr/bin/c++       -rdynamic CMakeFiles/cmTC_fd029.dir/feature_tests.cxx.o  -o cmTC_fd029 
make[1]: Leaving directory '/home/sanjay/Desktop/Whatsapp/fltk-1.3.5/CMakeFiles/CMakeTmp'


    Feature record: CXX_FEATURE:1cxx_aggregate_default_initializers
    Feature record: CXX_FEATURE:1cxx_alias_templates
    Feature record: CXX_FEATURE:1cxx_alignas
    Feature record: CXX_FEATURE:1cxx_alignof
    Feature record: CXX_FEATURE:1cxx_attributes
    Feature record: CXX_FEATURE:1cxx_attribute_deprecated
    Feature record: CXX_FEATURE:1cxx_auto_type
    Feature record: CXX_FEATURE:1cxx_binary_literals
    Feature record: CXX_FEATURE:1cxx_constexpr
    Feature record: CXX_FEATURE:1cxx_contextual_conversions
    Feature record: CXX_FEATURE:1cxx_decltype
    Feature record: CXX_FEATURE:1cxx_decltype_auto
    Feature record: CXX_FEATURE:1cxx_decltype_incomplete_return_types
    Feature record: CXX_FEATURE:1cxx_default_function_template_args
    Feature record: CXX_FEATURE:1cxx_defaulted_functions
    Feature record: CXX_FEATURE:1cxx_defaulted_move_initializers
    Feature record: CXX_FEATURE:1cxx_delegating_constructors
    Feature record: CXX_FEATURE:1cxx_deleted_functions
    Feature record: CXX_FEATURE:1cxx_digit_separators
    Feature record: CXX_FEATURE:1cxx_enum_forward_declarations
    Feature record: CXX_FEATURE:1cxx_explicit_conversions
    Feature record: CXX_FEATURE:1cxx_extended_friend_declarations
    Feature record: CXX_FEATURE:1cxx_extern_templates
    Feature record: CXX_FEATURE:1cxx_final
    Feature record: CXX_FEATURE:1cxx_func_identifier
    Feature record: CXX_FEATURE:1cxx_generalized_initializers
    Feature record: CXX_FEATURE:1cxx_generic_lambdas
    Feature record: CXX_FEATURE:1cxx_inheriting_constructors
    Feature record: CXX_FEATURE:1cxx_inline_namespaces
    Feature record: CXX_FEATURE:1cxx_lambdas
    Feature record: CXX_FEATURE:1cxx_lambda_init_captures
    Feature record: CXX_FEATURE:1cxx_local_type_template_args
    Feature record: CXX_FEATURE:1cxx_long_long_type
    Feature record: CXX_FEATURE:1cxx_noexcept
    Feature record: CXX_FEATURE:1cxx_nonstatic_member_init
    Feature record: CXX_FEATURE:1cxx_nullptr
    Feature record: CXX_FEATURE:1cxx_override
    Feature record: CXX_FEATURE:1cxx_range_for
    Feature record: CXX_FEATURE:1cxx_raw_string_literals
    Feature record: CXX_FEATURE:1cxx_reference_qualified_functions
    Feature record: CXX_FEATURE:1cxx_relaxed_constexpr
    Feature record: CXX_FEATURE:1cxx_return_type_deduction
    Feature record: CXX_FEATURE:1cxx_right_angle_brackets
    Feature record: CXX_FEATURE:1cxx_rvalue_references
    Feature record: CXX_FEATURE:1cxx_sizeof_member
    Feature record: CXX_FEATURE:1cxx_static_assert
    Feature record: CXX_FEATURE:1cxx_strong_enums
    Feature record: CXX_FEATURE:1cxx_template_template_parameters
    Feature record: CXX_FEATURE:1cxx_thread_local
    Feature record: CXX_FEATURE:1cxx_trailing_return_types
    Feature record: CXX_FEATURE:1cxx_unicode_literals
    Feature record: CXX_FEATURE:1cxx_uniform_initialization
    Feature record: CXX_FEATURE:1cxx_unrestricted_unions
    Feature record: CXX_FEATURE:1cxx_user_literals
    Feature record: CXX_FEATURE:1cxx_variable_templates
    Feature record: CXX_FEATURE:1cxx_variadic_macros
    Feature record: CXX_FEATURE:1cxx_variadic_templates


Detecting CXX [-std=c++11] compiler features compiled with the following output:
Change Dir: /home/sanjay/Desktop/Whatsapp/fltk-1.3.5/CMakeFiles/CMakeTmp

Run Build Command:"/usr/bin/make" "cmTC_72303/fast"
/usr/bin/make -f CMakeFiles/cmTC_72303.dir/build.make CMakeFiles/cmTC_72303.dir/build
make[1]: Entering directory '/home/sanjay/Desktop/Whatsapp/fltk-1.3.5/CMakeFiles/CMakeTmp'
Building CXX object CMakeFiles/cmTC_72303.dir/feature_tests.cxx.o
/usr/bin/c++    -std=c++11 -o CMakeFiles/cmTC_72303.dir/feature_tests.cxx.o -c /home/sanjay/Desktop/Whatsapp/fltk-1.3.5/CMakeFiles/feature_tests.cxx
Linking CXX executable cmTC_72303
/usr/bin/cmake -E cmake_link_script CMakeFiles/cmTC_72303.dir/link.txt --verbose=1
/usr/bin/c++       -rdynamic CMakeFiles/cmTC_72303.dir/feature_tests.cxx.o  -o cmTC_72303 
make[1]: Leaving directory '/home/sanjay/Desktop/Whatsapp/fltk-1.3.5/CMakeFiles/CMakeTmp'


    Feature record: CXX_FEATURE:0cxx_aggregate_default_initializers
    Feature record: CXX_FEATURE:1cxx_alias_templates
    Feature record: CXX_FEATURE:1cxx_alignas
    Feature record: CXX_FEATURE:1cxx_alignof
    Feature record: CXX_FEATURE:1cxx_attributes
    Feature record: CXX_FEATURE:0cxx_attribute_deprecated
    Feature record: CXX_FEATURE:1cxx_auto_type
    Feature record: CXX_FEATURE:0cxx_binary_literals
    Feature record: CXX_FEATURE:1cxx_constexpr
    Feature record: CXX_FEATURE:0cxx_contextual_conversions
    Feature record: CXX_FEATURE:1cxx_decltype
    Feature record: CXX_FEATURE:0cxx_decltype_auto
    Feature record: CXX_FEATURE:1cxx_decltype_incomplete_return_types
    Feature record: CXX_FEATURE:1cxx_default_function_template_args
    Feature record: CXX_FEATURE:1cxx_defaulted_functions
    Feature record: CXX_FEATURE:1cxx_defaulted_move_initializers
    Feature record: CXX_FEATURE:1cxx_delegating_constructors
    Feature record: CXX_FEATURE:1cxx_deleted_functions
    Feature record: CXX_FEATURE:0cxx_digit_separators
    Feature record: CXX_FEATURE:1cxx_enum_forward_declarations
    Feature record: CXX_FEATURE:1cxx_explicit_conversions
    Feature record: CXX_FEATURE:1cxx_extended_friend_declarations
    Feature record: CXX_FEATURE:1cxx_extern_templates
    Feature record: CXX_FEATURE:1cxx_final
    Feature record: CXX_FEATURE:1cxx_func_identifier
    Feature record: CXX_FEATURE:1cxx_generalized_initializers
    Feature record: CXX_FEATURE:0cxx_generic_lambdas
    Feature record: CXX_FEATURE:1cxx_inheriting_constructors
    Feature record: CXX_FEATURE:1cxx_inline_namespaces
    Feature record: CXX_FEATURE:1cxx_lambdas
    Feature record: CXX_FEATURE:0cxx_lambda_init_captures
    Feature record: CXX_FEATURE:1cxx_local_type_template_args
    Feature record: CXX_FEATURE:1cxx_long_long_type
    Feature record: CXX_FEATURE:1cxx_noexcept
    Feature record: CXX_FEATURE:1cxx_nonstatic_member_init
    Feature record: CXX_FEATURE:1cxx_nullptr
    Feature record: CXX_FEATURE:1cxx_override
    Feature record: CXX_FEATURE:1cxx_range_for
    Feature record: CXX_FEATURE:1cxx_raw_string_literals
    Feature record: CXX_FEATURE:1cxx_reference_qualified_functions
    Feature record: CXX_FEATURE:0cxx_relaxed_constexpr
    Feature record: CXX_FEATURE:0cxx_return_type_deduction
    Feature record: CXX_FEATURE:1cxx_right_angle_brackets
    Feature record: CXX_FEATURE:1cxx_rvalue_references
    Feature record: CXX_FEATURE:1cxx_sizeof_member
    Feature record: CXX_FEATURE:1cxx_static_assert
    Feature record: CXX_FEATURE:1cxx_strong_enums
    Feature record: CXX_FEATURE:1cxx_template_template_parameters
    Feature record: CXX_FEATURE:1cxx_thread_local
    Feature record: CXX_FEATURE:1cxx_trailing_return_types
    Feature record: CXX_FEATURE:1cxx_unicode_literals
    Feature record: CXX_FEATURE:1cxx_uniform_initialization
    Feature record: CXX_FEATURE:1cxx_unrestricted_unions
    Feature record: CXX_FEATURE:1cxx_user_literals
    Feature record: CXX_FEATURE:0cxx_variable_templates
    Feature record: CXX_FEATURE:1cxx_variadic_macros
    Feature record: CXX_FEATURE:1cxx_variadic_templates


Detecting CXX [-std=c++98] compiler features compiled with the following output:
Change Dir: /home/sanjay/Desktop/Whatsapp/fltk-1.3.5/CMakeFiles/CMakeTmp

Run Build Command:"/usr/bin/make" "cmTC_ba705/fast"
/usr/bin/make -f CMakeFiles/cmTC_ba705.dir/build.make CMakeFiles/cmTC_ba705.dir/build
make[1]: Entering directory '/home/sanjay/Desktop/Whatsapp/fltk-1.3.5/CMakeFiles/CMakeTmp'
Building CXX object CMakeFiles/cmTC_ba705.dir/feature_tests.cxx.o
/usr/bin/c++    -std=c++98 -o CMakeFiles/cmTC_ba705.dir/feature_tests.cxx.o -c /home/sanjay/Desktop/Whatsapp/fltk-1.3.5/CMakeFiles/feature_tests.cxx
Linking CXX executable cmTC_ba705
/usr/bin/cmake -E cmake_link_script CMakeFiles/cmTC_ba705.dir/link.txt --verbose=1
/usr/bin/c++       -rdynamic CMakeFiles/cmTC_ba705.dir/feature_tests.cxx.o  -o cmTC_ba705 
make[1]: Leaving directory '/home/sanjay/Desktop/Whatsapp/fltk-1.3.5/CMakeFiles/CMakeTmp'


    Feature record: CXX_FEATURE:0cxx_aggregate_default_initializers
    Feature record: CXX_FEATURE:0cxx_alias_templates
    Feature record: CXX_FEATURE:0cxx_alignas
    Feature record: CXX_FEATURE:0cxx_alignof
    Feature record: CXX_FEATURE:0cxx_attributes
    Feature record: CXX_FEATURE:0cxx_attribute_deprecated
    Feature record: CXX_FEATURE:0cxx_auto_type
    Feature record: CXX_FEATURE:0cxx_binary_literals
    Feature record: CXX_FEATURE:0cxx_constexpr
    Feature record: CXX_FEATURE:0cxx_contextual_conversions
    Feature record: CXX_FEATURE:0cxx_decltype
    Feature record: CXX_FEATURE:0cxx_decltype_auto
    Feature record: CXX_FEATURE:0cxx_decltype_incomplete_return_types
    Feature record: CXX_FEATURE:0cxx_default_function_template_args
    Feature record: CXX_FEATURE:0cxx_defaulted_functions
    Feature record: CXX_FEATURE:0cxx_defaulted_move_initializers
    Feature record: CXX_FEATURE:0cxx_delegating_constructors
    Feature record: CXX_FEATURE:0cxx_deleted_functions
    Feature record: CXX_FEATURE:0cxx_digit_separators
    Feature record: CXX_FEATURE:0cxx_enum_forward_declarations
    Feature record: CXX_FEATURE:0cxx_explicit_conversions
    Feature record: CXX_FEATURE:0cxx_extended_friend_declarations
    Feature record: CXX_FEATURE:0cxx_extern_templates
    Feature record: CXX_FEATURE:0cxx_final
    Feature record: CXX_FEATURE:0cxx_func_identifier
    Feature record: CXX_FEATURE:0cxx_generalized_initializers
    Feature record: CXX_FEATURE:0cxx_generic_lambdas
    Feature record: CXX_FEATURE:0cxx_inheriting_constructors
    Feature record: CXX_FEATURE:0cxx_inline_namespaces
    Feature record: CXX_FEATURE:0cxx_lambdas
    Feature record: CXX_FEATURE:0cxx_lambda_init_captures
    Feature record: CXX_FEATURE:0cxx_local_type_template_args
    Feature record: CXX_FEATURE:0cxx_long_long_type
    Feature record: CXX_FEATURE:0cxx_noexcept
    Feature record: CXX_FEATURE:0cxx_nonstatic_member_init
    Feature record: CXX_FEATURE:0cxx_nullptr
    Feature record: CXX_FEATURE:0cxx_override
    Feature record: CXX_FEATURE:0cxx_range_for
    Feature record: CXX_FEATURE:0cxx_raw_string_literals
    Feature record: CXX_FEATURE:0cxx_reference_qualified_functions
    Feature record: CXX_FEATURE:0cxx_relaxed_constexpr
    Feature record: CXX_FEATURE:0cxx_return_type_deduction
    Feature record: CXX_FEATURE:0cxx_right_angle_brackets
    Feature record: CXX_FEATURE:0cxx_rvalue_references
    Feature record: CXX_FEATURE:0cxx_sizeof_member
    Feature record: CXX_FEATURE:0cxx_static_assert
    Feature record: CXX_FEATURE:0cxx_strong_enums
    Feature record: CXX_FEATURE:1cxx_template_template_parameters
    Feature record: CXX_FEATURE:0cxx_thread_local
    Feature record: CXX_FEATURE:0cxx_trailing_return_types
    Feature record: CXX_FEATURE:0cxx_unicode_literals
    Feature record: CXX_FEATURE:0cxx_uniform_initialization
    Feature record: CXX_FEATURE:0cxx_unrestricted_unions
    Feature record: CXX_FEATURE:0cxx_user_literals
    Feature record: CXX_FEATURE:0cxx_variable_templates
    Feature record: CXX_FEATURE:0cxx_variadic_macros
    Feature record: CXX_FEATURE:0cxx_variadic_templates
Determining if the include file sys/types.h exists passed with the following output:
Change Dir: /home/sanjay/Desktop/Whatsapp/fltk-1.3.5/CMakeFiles/CMakeTmp

Run Build Command:"/usr/bin/make" "cmTC_6b59a/fast"
/usr/bin/make -f CMakeFiles/cmTC_6b59a.dir/build.make CMakeFiles/cmTC_6b59a.dir/build
make[1]: Entering directory '/home/sanjay/Desktop/Whatsapp/fltk-1.3.5/CMakeFiles/CMakeTmp'
Building C object CMakeFiles/cmTC_6b59a.dir/CheckIncludeFile.c.o
/usr/bin/cc    -o CMakeFiles/cmTC_6b59a.dir/CheckIncludeFile.c.o   -c /home/sanjay/Desktop/Whatsapp/fltk-1.3.5/CMakeFiles/CMakeTmp/CheckIncludeFile.c
Linking C executable cmTC_6b59a
/usr/bin/cmake -E cmake_link_script CMakeFiles/cmTC_6b59a.dir/link.txt --verbose=1
/usr/bin/cc      -rdynamic CMakeFiles/cmTC_6b59a.dir/CheckIncludeFile.c.o  -o cmTC_6b59a 
make[1]: Leaving directory '/home/sanjay/Desktop/Whatsapp/fltk-1.3.5/CMakeFiles/CMakeTmp'


Determining if the include file stdint.h exists passed with the following output:
Change Dir: /home/sanjay/Desktop/Whatsapp/fltk-1.3.5/CMakeFiles/CMakeTmp

Run Build Command:"/usr/bin/make" "cmTC_9c98b/fast"
/usr/bin/make -f CMakeFiles/cmTC_9c98b.dir/build.make CMakeFiles/cmTC_9c98b.dir/build
make[1]: Entering directory '/home/sanjay/Desktop/Whatsapp/fltk-1.3.5/CMakeFiles/CMakeTmp'
Building C object CMakeFiles/cmTC_9c98b.dir/CheckIncludeFile.c.o
/usr/bin/cc    -o CMakeFiles/cmTC_9c98b.dir/CheckIncludeFile.c.o   -c /home/sanjay/Desktop/Whatsapp/fltk-1.3.5/CMakeFiles/CMakeTmp/CheckIncludeFile.c
Linking C executable cmTC_9c98b
/usr/bin/cmake -E cmake_link_script CMakeFiles/cmTC_9c98b.dir/link.txt --verbose=1
/usr/bin/cc      -rdynamic CMakeFiles/cmTC_9c98b.dir/CheckIncludeFile.c.o  -o cmTC_9c98b 
make[1]: Leaving directory '/home/sanjay/Desktop/Whatsapp/fltk-1.3.5/CMakeFiles/CMakeTmp'


Determining if the include file stddef.h exists passed with the following output:
Change Dir: /home/sanjay/Desktop/Whatsapp/fltk-1.3.5/CMakeFiles/CMakeTmp

Run Build Command:"/usr/bin/make" "cmTC_c5686/fast"
/usr/bin/make -f CMakeFiles/cmTC_c5686.dir/build.make CMakeFiles/cmTC_c5686.dir/build
make[1]: Entering directory '/home/sanjay/Desktop/Whatsapp/fltk-1.3.5/CMakeFiles/CMakeTmp'
Building C object CMakeFiles/cmTC_c5686.dir/CheckIncludeFile.c.o
/usr/bin/cc    -o CMakeFiles/cmTC_c5686.dir/CheckIncludeFile.c.o   -c /home/sanjay/Desktop/Whatsapp/fltk-1.3.5/CMakeFiles/CMakeTmp/CheckIncludeFile.c
Linking C executable cmTC_c5686
/usr/bin/cmake -E cmake_link_script CMakeFiles/cmTC_c5686.dir/link.txt --verbose=1
/usr/bin/cc      -rdynamic CMakeFiles/cmTC_c5686.dir/CheckIncludeFile.c.o  -o cmTC_c5686 
make[1]: Leaving directory '/home/sanjay/Desktop/Whatsapp/fltk-1.3.5/CMakeFiles/CMakeTmp'


Determining size of unsigned short passed with the following output:
Change Dir: /home/sanjay/Desktop/Whatsapp/fltk-1.3.5/CMakeFiles/CMakeTmp

Run Build Command:"/usr/bin/make" "cmTC_1dd3b/fast"
/usr/bin/make -f CMakeFiles/cmTC_1dd3b.dir/build.make CMakeFiles/cmTC_1dd3b.dir/build
make[1]: Entering directory '/home/sanjay/Desktop/Whatsapp/fltk-1.3.5/CMakeFiles/CMakeTmp'
Building C object CMakeFiles/cmTC_1dd3b.dir/CMAKE_SIZEOF_UNSIGNED_SHORT.c.o
/usr/bin/cc    -o CMakeFiles/cmTC_1dd3b.dir/CMAKE_SIZEOF_UNSIGNED_SHORT.c.o   -c /home/sanjay/Desktop/Whatsapp/fltk-1.3.5/CMakeFiles/CheckTypeSize/CMAKE_SIZEOF_UNSIGNED_SHORT.c
Linking C executable cmTC_1dd3b
/usr/bin/cmake -E cmake_link_script CMakeFiles/cmTC_1dd3b.dir/link.txt --verbose=1
/usr/bin/cc      -rdynamic CMakeFiles/cmTC_1dd3b.dir/CMAKE_SIZEOF_UNSIGNED_SHORT.c.o  -o cmTC_1dd3b 
make[1]: Leaving directory '/home/sanjay/Desktop/Whatsapp/fltk-1.3.5/CMakeFiles/CMakeTmp'


Determining if the system is big endian passed with the following output:
Change Dir: /home/sanjay/Desktop/Whatsapp/fltk-1.3.5/CMakeFiles/CMakeTmp

Run Build Command:"/usr/bin/make" "cmTC_80c90/fast"
/usr/bin/make -f CMakeFiles/cmTC_80c90.dir/build.make CMakeFiles/cmTC_80c90.dir/build
make[1]: Entering directory '/home/sanjay/Desktop/Whatsapp/fltk-1.3.5/CMakeFiles/CMakeTmp'
Building C object CMakeFiles/cmTC_80c90.dir/TestEndianess.c.o
/usr/bin/cc    -o CMakeFiles/cmTC_80c90.dir/TestEndianess.c.o   -c /home/sanjay/Desktop/Whatsapp/fltk-1.3.5/CMakeFiles/CMakeTmp/TestEndianess.c
Linking C executable cmTC_80c90
/usr/bin/cmake -E cmake_link_script CMakeFiles/cmTC_80c90.dir/link.txt --verbose=1
/usr/bin/cc      -rdynamic CMakeFiles/cmTC_80c90.dir/TestEndianess.c.o  -o cmTC_80c90 
make[1]: Leaving directory '/home/sanjay/Desktop/Whatsapp/fltk-1.3.5/CMakeFiles/CMakeTmp'

TestEndianess.c:
/* A 16 bit integer is required. */
typedef unsigned short cmakeint16;

/* On a little endian machine, these 16bit ints will give "THIS IS LITTLE ENDIAN."
   On a big endian machine the characters will be exchanged pairwise. */
const cmakeint16 info_little[] =  {0x4854, 0x5349, 0x4920, 0x2053, 0x494c, 0x5454, 0x454c, 0x4520, 0x444e, 0x4149, 0x2e4e, 0x0000};

/* on a big endian machine, these 16bit ints will give "THIS IS BIG ENDIAN."
   On a little endian machine the characters will be exchanged pairwise. */
const cmakeint16 info_big[] =     {0x5448, 0x4953, 0x2049, 0x5320, 0x4249, 0x4720, 0x454e, 0x4449, 0x414e, 0x2e2e, 0x0000};

#ifdef __CLASSIC_C__
int main(argc, argv) int argc; char *argv[];
#else
int main(int argc, char *argv[])
#endif
{
  int require = 0;
  require += info_little[argc];
  require += info_big[argc];
  (void)argv;
  return require;
}


Determining size of short passed with the following output:
Change Dir: /home/sanjay/Desktop/Whatsapp/fltk-1.3.5/CMakeFiles/CMakeTmp

Run Build Command:"/usr/bin/make" "cmTC_c0c38/fast"
/usr/bin/make -f CMakeFiles/cmTC_c0c38.dir/build.make CMakeFiles/cmTC_c0c38.dir/build
make[1]: Entering directory '/home/sanjay/Desktop/Whatsapp/fltk-1.3.5/CMakeFiles/CMakeTmp'
Building C object CMakeFiles/cmTC_c0c38.dir/SIZEOF_SHORT.c.o
/usr/bin/cc    -o CMakeFiles/cmTC_c0c38.dir/SIZEOF_SHORT.c.o   -c /home/sanjay/Desktop/Whatsapp/fltk-1.3.5/CMakeFiles/CheckTypeSize/SIZEOF_SHORT.c
Linking C executable cmTC_c0c38
/usr/bin/cmake -E cmake_link_script CMakeFiles/cmTC_c0c38.dir/link.txt --verbose=1
/usr/bin/cc      -rdynamic CMakeFiles/cmTC_c0c38.dir/SIZEOF_SHORT.c.o  -o cmTC_c0c38 
make[1]: Leaving directory '/home/sanjay/Desktop/Whatsapp/fltk-1.3.5/CMakeFiles/CMakeTmp'


Determining size of int passed with the following output:
Change Dir: /home/sanjay/Desktop/Whatsapp/fltk-1.3.5/CMakeFiles/CMakeTmp

Run Build Command:"/usr/bin/make" "cmTC_d8117/fast"
/usr/bin/make -f CMakeFiles/cmTC_d8117.dir/build.make CMakeFiles/cmTC_d8117.dir/build
make[1]: Entering directory '/home/sanjay/Desktop/Whatsapp/fltk-1.3.5/CMakeFiles/CMakeTmp'
Building C object CMakeFiles/cmTC_d8117.dir/SIZEOF_INT.c.o
/usr/bin/cc    -o CMakeFiles/cmTC_d8117.dir/SIZEOF_INT.c.o   -c /home/sanjay/Desktop/Whatsapp/fltk-1.3.5/CMakeFiles/CheckTypeSize/SIZEOF_INT.c
Linking C executable cmTC_d8117
/usr/bin/cmake -E cmake_link_script CMakeFiles/cmTC_d8117.dir/link.txt --verbose=1
/usr/bin/cc      -rdynamic CMakeFiles/cmTC_d8117.dir/SIZEOF_INT.c.o  -o cmTC_d8117 
make[1]: Leaving directory '/home/sanjay/Desktop/Whatsapp/fltk-1.3.5/CMakeFiles/CMakeTmp'


Determining size of long passed with the following output:
Change Dir: /home/sanjay/Desktop/Whatsapp/fltk-1.3.5/CMakeFiles/CMakeTmp

Run Build Command:"/usr/bin/make" "cmTC_2c565/fast"
/usr/bin/make -f CMakeFiles/cmTC_2c565.dir/build.make CMakeFiles/cmTC_2c565.dir/build
make[1]: Entering directory '/home/sanjay/Desktop/Whatsapp/fltk-1.3.5/CMakeFiles/CMakeTmp'
Building C object CMakeFiles/cmTC_2c565.dir/SIZEOF_LONG.c.o
/usr/bin/cc    -o CMakeFiles/cmTC_2c565.dir/SIZEOF_LONG.c.o   -c /home/sanjay/Desktop/Whatsapp/fltk-1.3.5/CMakeFiles/CheckTypeSize/SIZEOF_LONG.c
Linking C executable cmTC_2c565
/usr/bin/cmake -E cmake_link_script CMakeFiles/cmTC_2c565.dir/link.txt --verbose=1
/usr/bin/cc      -rdynamic CMakeFiles/cmTC_2c565.dir/SIZEOF_LONG.c.o  -o cmTC_2c565 
make[1]: Leaving directory '/home/sanjay/Desktop/Whatsapp/fltk-1.3.5/CMakeFiles/CMakeTmp'


Determining size of long long passed with the following output:
Change Dir: /home/sanjay/Desktop/Whatsapp/fltk-1.3.5/CMakeFiles/CMakeTmp

Run Build Command:"/usr/bin/make" "cmTC_b21ed/fast"
/usr/bin/make -f CMakeFiles/cmTC_b21ed.dir/build.make CMakeFiles/cmTC_b21ed.dir/build
make[1]: Entering directory '/home/sanjay/Desktop/Whatsapp/fltk-1.3.5/CMakeFiles/CMakeTmp'
Building C object CMakeFiles/cmTC_b21ed.dir/HAVE_LONG_LONG.c.o
/usr/bin/cc    -o CMakeFiles/cmTC_b21ed.dir/HAVE_LONG_LONG.c.o   -c /home/sanjay/Desktop/Whatsapp/fltk-1.3.5/CMakeFiles/CheckTypeSize/HAVE_LONG_LONG.c
Linking C executable cmTC_b21ed
/usr/bin/cmake -E cmake_link_script CMakeFiles/cmTC_b21ed.dir/link.txt --verbose=1
/usr/bin/cc      -rdynamic CMakeFiles/cmTC_b21ed.dir/HAVE_LONG_LONG.c.o  -o cmTC_b21ed 
make[1]: Leaving directory '/home/sanjay/Desktop/Whatsapp/fltk-1.3.5/CMakeFiles/CMakeTmp'


Determining if the function dlsym exists passed with the following output:
Change Dir: /home/sanjay/Desktop/Whatsapp/fltk-1.3.5/CMakeFiles/CMakeTmp

Run Build Command:"/usr/bin/make" "cmTC_24be1/fast"
/usr/bin/make -f CMakeFiles/cmTC_24be1.dir/build.make CMakeFiles/cmTC_24be1.dir/build
make[1]: Entering directory '/home/sanjay/Desktop/Whatsapp/fltk-1.3.5/CMakeFiles/CMakeTmp'
Building C object CMakeFiles/cmTC_24be1.dir/CheckFunctionExists.c.o
/usr/bin/cc   -DCHECK_FUNCTION_EXISTS=dlsym   -o CMakeFiles/cmTC_24be1.dir/CheckFunctionExists.c.o   -c /usr/share/cmake-3.10/Modules/CheckFunctionExists.c
Linking C executable cmTC_24be1
/usr/bin/cmake -E cmake_link_script CMakeFiles/cmTC_24be1.dir/link.txt --verbose=1
/usr/bin/cc  -DCHECK_FUNCTION_EXISTS=dlsym    -rdynamic CMakeFiles/cmTC_24be1.dir/CheckFunctionExists.c.o  -o cmTC_24be1 -ldl 
make[1]: Leaving directory '/home/sanjay/Desktop/Whatsapp/fltk-1.3.5/CMakeFiles/CMakeTmp'


Determining if the function localeconv exists passed with the following output:
Change Dir: /home/sanjay/Desktop/Whatsapp/fltk-1.3.5/CMakeFiles/CMakeTmp

Run Build Command:"/usr/bin/make" "cmTC_3b7de/fast"
/usr/bin/make -f CMakeFiles/cmTC_3b7de.dir/build.make CMakeFiles/cmTC_3b7de.dir/build
make[1]: Entering directory '/home/sanjay/Desktop/Whatsapp/fltk-1.3.5/CMakeFiles/CMakeTmp'
Building C object CMakeFiles/cmTC_3b7de.dir/CheckFunctionExists.c.o
/usr/bin/cc   -DCHECK_FUNCTION_EXISTS=localeconv   -o CMakeFiles/cmTC_3b7de.dir/CheckFunctionExists.c.o   -c /usr/share/cmake-3.10/Modules/CheckFunctionExists.c
Linking C executable cmTC_3b7de
/usr/bin/cmake -E cmake_link_script CMakeFiles/cmTC_3b7de.dir/link.txt --verbose=1
/usr/bin/cc  -DCHECK_FUNCTION_EXISTS=localeconv    -rdynamic CMakeFiles/cmTC_3b7de.dir/CheckFunctionExists.c.o  -o cmTC_3b7de 
make[1]: Leaving directory '/home/sanjay/Desktop/Whatsapp/fltk-1.3.5/CMakeFiles/CMakeTmp'


Determining if the function png_get_valid exists passed with the following output:
Change Dir: /home/sanjay/Desktop/Whatsapp/fltk-1.3.5/CMakeFiles/CMakeTmp

Run Build Command:"/usr/bin/make" "cmTC_a4d26/fast"
/usr/bin/make -f CMakeFiles/cmTC_a4d26.dir/build.make CMakeFiles/cmTC_a4d26.dir/build
make[1]: Entering directory '/home/sanjay/Desktop/Whatsapp/fltk-1.3.5/CMakeFiles/CMakeTmp'
Building C object CMakeFiles/cmTC_a4d26.dir/CheckFunctionExists.c.o
/usr/bin/cc   -DCHECK_FUNCTION_EXISTS=png_get_valid   -o CMakeFiles/cmTC_a4d26.dir/CheckFunctionExists.c.o   -c /usr/share/cmake-3.10/Modules/CheckFunctionExists.c
Linking C executable cmTC_a4d26
/usr/bin/cmake -E cmake_link_script CMakeFiles/cmTC_a4d26.dir/link.txt --verbose=1
/usr/bin/cc  -DCHECK_FUNCTION_EXISTS=png_get_valid    -rdynamic CMakeFiles/cmTC_a4d26.dir/CheckFunctionExists.c.o  -o cmTC_a4d26 /usr/lib/x86_64-linux-gnu/libpng.so 
make[1]: Leaving directory '/home/sanjay/Desktop/Whatsapp/fltk-1.3.5/CMakeFiles/CMakeTmp'


Determining if the function png_set_tRNS_to_alpha exists passed with the following output:
Change Dir: /home/sanjay/Desktop/Whatsapp/fltk-1.3.5/CMakeFiles/CMakeTmp

Run Build Command:"/usr/bin/make" "cmTC_54cc6/fast"
/usr/bin/make -f CMakeFiles/cmTC_54cc6.dir/build.make CMakeFiles/cmTC_54cc6.dir/build
make[1]: Entering directory '/home/sanjay/Desktop/Whatsapp/fltk-1.3.5/CMakeFiles/CMakeTmp'
Building C object CMakeFiles/cmTC_54cc6.dir/CheckFunctionExists.c.o
/usr/bin/cc   -DCHECK_FUNCTION_EXISTS=png_set_tRNS_to_alpha   -o CMakeFiles/cmTC_54cc6.dir/CheckFunctionExists.c.o   -c /usr/share/cmake-3.10/Modules/CheckFunctionExists.c
Linking C executable cmTC_54cc6
/usr/bin/cmake -E cmake_link_script CMakeFiles/cmTC_54cc6.dir/link.txt --verbose=1
/usr/bin/cc  -DCHECK_FUNCTION_EXISTS=png_set_tRNS_to_alpha    -rdynamic CMakeFiles/cmTC_54cc6.dir/CheckFunctionExists.c.o  -o cmTC_54cc6 /usr/lib/x86_64-linux-gnu/libpng.so 
make[1]: Leaving directory '/home/sanjay/Desktop/Whatsapp/fltk-1.3.5/CMakeFiles/CMakeTmp'


Determining if the function scandir exists passed with the following output:
Change Dir: /home/sanjay/Desktop/Whatsapp/fltk-1.3.5/CMakeFiles/CMakeTmp

Run Build Command:"/usr/bin/make" "cmTC_4ffc5/fast"
/usr/bin/make -f CMakeFiles/cmTC_4ffc5.dir/build.make CMakeFiles/cmTC_4ffc5.dir/build
make[1]: Entering directory '/home/sanjay/Desktop/Whatsapp/fltk-1.3.5/CMakeFiles/CMakeTmp'
Building C object CMakeFiles/cmTC_4ffc5.dir/CheckFunctionExists.c.o
/usr/bin/cc   -DCHECK_FUNCTION_EXISTS=scandir   -o CMakeFiles/cmTC_4ffc5.dir/CheckFunctionExists.c.o   -c /usr/share/cmake-3.10/Modules/CheckFunctionExists.c
Linking C executable cmTC_4ffc5
/usr/bin/cmake -E cmake_link_script CMakeFiles/cmTC_4ffc5.dir/link.txt --verbose=1
/usr/bin/cc  -DCHECK_FUNCTION_EXISTS=scandir    -rdynamic CMakeFiles/cmTC_4ffc5.dir/CheckFunctionExists.c.o  -o cmTC_4ffc5 
make[1]: Leaving directory '/home/sanjay/Desktop/Whatsapp/fltk-1.3.5/CMakeFiles/CMakeTmp'


Determining if the function snprintf exists passed with the following output:
Change Dir: /home/sanjay/Desktop/Whatsapp/fltk-1.3.5/CMakeFiles/CMakeTmp

Run Build Command:"/usr/bin/make" "cmTC_097c5/fast"
/usr/bin/make -f CMakeFiles/cmTC_097c5.dir/build.make CMakeFiles/cmTC_097c5.dir/build
make[1]: Entering directory '/home/sanjay/Desktop/Whatsapp/fltk-1.3.5/CMakeFiles/CMakeTmp'
Building C object CMakeFiles/cmTC_097c5.dir/CheckFunctionExists.c.o
/usr/bin/cc   -DCHECK_FUNCTION_EXISTS=snprintf   -o CMakeFiles/cmTC_097c5.dir/CheckFunctionExists.c.o   -c /usr/share/cmake-3.10/Modules/CheckFunctionExists.c
<command-line>:0:23: warning: conflicting types for built-in function snprintf [-Wbuiltin-declaration-mismatch]
/usr/share/cmake-3.10/Modules/CheckFunctionExists.c:7:3: note: in expansion of macro CHECK_FUNCTION_EXISTS
   CHECK_FUNCTION_EXISTS(void);
   ^~~~~~~~~~~~~~~~~~~~~
Linking C executable cmTC_097c5
/usr/bin/cmake -E cmake_link_script CMakeFiles/cmTC_097c5.dir/link.txt --verbose=1
/usr/bin/cc  -DCHECK_FUNCTION_EXISTS=snprintf    -rdynamic CMakeFiles/cmTC_097c5.dir/CheckFunctionExists.c.o  -o cmTC_097c5 
make[1]: Leaving directory '/home/sanjay/Desktop/Whatsapp/fltk-1.3.5/CMakeFiles/CMakeTmp'


Determining if the function strcasecmp exists passed with the following output:
Change Dir: /home/sanjay/Desktop/Whatsapp/fltk-1.3.5/CMakeFiles/CMakeTmp

Run Build Command:"/usr/bin/make" "cmTC_5aa3a/fast"
/usr/bin/make -f CMakeFiles/cmTC_5aa3a.dir/build.make CMakeFiles/cmTC_5aa3a.dir/build
make[1]: Entering directory '/home/sanjay/Desktop/Whatsapp/fltk-1.3.5/CMakeFiles/CMakeTmp'
Building C object CMakeFiles/cmTC_5aa3a.dir/CheckFunctionExists.c.o
/usr/bin/cc   -DCHECK_FUNCTION_EXISTS=strcasecmp   -o CMakeFiles/cmTC_5aa3a.dir/CheckFunctionExists.c.o   -c /usr/share/cmake-3.10/Modules/CheckFunctionExists.c
<command-line>:0:23: warning: conflicting types for built-in function strcasecmp [-Wbuiltin-declaration-mismatch]
/usr/share/cmake-3.10/Modules/CheckFunctionExists.c:7:3: note: in expansion of macro CHECK_FUNCTION_EXISTS
   CHECK_FUNCTION_EXISTS(void);
   ^~~~~~~~~~~~~~~~~~~~~
Linking C executable cmTC_5aa3a
/usr/bin/cmake -E cmake_link_script CMakeFiles/cmTC_5aa3a.dir/link.txt --verbose=1
/usr/bin/cc  -DCHECK_FUNCTION_EXISTS=strcasecmp    -rdynamic CMakeFiles/cmTC_5aa3a.dir/CheckFunctionExists.c.o  -o cmTC_5aa3a 
make[1]: Leaving directory '/home/sanjay/Desktop/Whatsapp/fltk-1.3.5/CMakeFiles/CMakeTmp'


Determining if the function vsnprintf exists passed with the following output:
Change Dir: /home/sanjay/Desktop/Whatsapp/fltk-1.3.5/CMakeFiles/CMakeTmp

Run Build Command:"/usr/bin/make" "cmTC_278f6/fast"
/usr/bin/make -f CMakeFiles/cmTC_278f6.dir/build.make CMakeFiles/cmTC_278f6.dir/build
make[1]: Entering directory '/home/sanjay/Desktop/Whatsapp/fltk-1.3.5/CMakeFiles/CMakeTmp'
Building C object CMakeFiles/cmTC_278f6.dir/CheckFunctionExists.c.o
/usr/bin/cc   -DCHECK_FUNCTION_EXISTS=vsnprintf   -o CMakeFiles/cmTC_278f6.dir/CheckFunctionExists.c.o   -c /usr/share/cmake-3.10/Modules/CheckFunctionExists.c
<command-line>:0:23: warning: conflicting types for built-in function vsnprintf [-Wbuiltin-declaration-mismatch]
/usr/share/cmake-3.10/Modules/CheckFunctionExists.c:7:3: note: in expansion of macro CHECK_FUNCTION_EXISTS
   CHECK_FUNCTION_EXISTS(void);
   ^~~~~~~~~~~~~~~~~~~~~
Linking C executable cmTC_278f6
/usr/bin/cmake -E cmake_link_script CMakeFiles/cmTC_278f6.dir/link.txt --verbose=1
/usr/bin/cc  -DCHECK_FUNCTION_EXISTS=vsnprintf    -rdynamic CMakeFiles/cmTC_278f6.dir/CheckFunctionExists.c.o  -o cmTC_278f6 
make[1]: Leaving directory '/home/sanjay/Desktop/Whatsapp/fltk-1.3.5/CMakeFiles/CMakeTmp'


Determining if the function XOpenDisplay exists in the /usr/lib/x86_64-linux-gnu/libX11.so;/usr/lib/x86_64-linux-gnu/libXext.so passed with the following output:
Change Dir: /home/sanjay/Desktop/Whatsapp/fltk-1.3.5/CMakeFiles/CMakeTmp

Run Build Command:"/usr/bin/make" "cmTC_34fd6/fast"
/usr/bin/make -f CMakeFiles/cmTC_34fd6.dir/build.make CMakeFiles/cmTC_34fd6.dir/build
make[1]: Entering directory '/home/sanjay/Desktop/Whatsapp/fltk-1.3.5/CMakeFiles/CMakeTmp'
Building C object CMakeFiles/cmTC_34fd6.dir/CheckFunctionExists.c.o
/usr/bin/cc   -DCHECK_FUNCTION_EXISTS=XOpenDisplay   -o CMakeFiles/cmTC_34fd6.dir/CheckFunctionExists.c.o   -c /usr/share/cmake-3.10/Modules/CheckFunctionExists.c
Linking C executable cmTC_34fd6
/usr/bin/cmake -E cmake_link_script CMakeFiles/cmTC_34fd6.dir/link.txt --verbose=1
/usr/bin/cc  -DCHECK_FUNCTION_EXISTS=XOpenDisplay    -rdynamic CMakeFiles/cmTC_34fd6.dir/CheckFunctionExists.c.o  -o cmTC_34fd6 /usr/lib/x86_64-linux-gnu/libX11.so /usr/lib/x86_64-linux-gnu/libXext.so 
make[1]: Leaving directory '/home/sanjay/Desktop/Whatsapp/fltk-1.3.5/CMakeFiles/CMakeTmp'


Determining if the function gethostbyname exists passed with the following output:
Change Dir: /home/sanjay/Desktop/Whatsapp/fltk-1.3.5/CMakeFiles/CMakeTmp

Run Build Command:"/usr/bin/make" "cmTC_2c501/fast"
/usr/bin/make -f CMakeFiles/cmTC_2c501.dir/build.make CMakeFiles/cmTC_2c501.dir/build
make[1]: Entering directory '/home/sanjay/Desktop/Whatsapp/fltk-1.3.5/CMakeFiles/CMakeTmp'
Building C object CMakeFiles/cmTC_2c501.dir/CheckFunctionExists.c.o
/usr/bin/cc   -DCHECK_FUNCTION_EXISTS=gethostbyname   -o CMakeFiles/cmTC_2c501.dir/CheckFunctionExists.c.o   -c /usr/share/cmake-3.10/Modules/CheckFunctionExists.c
Linking C executable cmTC_2c501
/usr/bin/cmake -E cmake_link_script CMakeFiles/cmTC_2c501.dir/link.txt --verbose=1
/usr/bin/cc  -DCHECK_FUNCTION_EXISTS=gethostbyname    -rdynamic CMakeFiles/cmTC_2c501.dir/CheckFunctionExists.c.o  -o cmTC_2c501 
make[1]: Leaving directory '/home/sanjay/Desktop/Whatsapp/fltk-1.3.5/CMakeFiles/CMakeTmp'


Determining if the function connect exists passed with the following output:
Change Dir: /home/sanjay/Desktop/Whatsapp/fltk-1.3.5/CMakeFiles/CMakeTmp

Run Build Command:"/usr/bin/make" "cmTC_0be14/fast"
/usr/bin/make -f CMakeFiles/cmTC_0be14.dir/build.make CMakeFiles/cmTC_0be14.dir/build
make[1]: Entering directory '/home/sanjay/Desktop/Whatsapp/fltk-1.3.5/CMakeFiles/CMakeTmp'
Building C object CMakeFiles/cmTC_0be14.dir/CheckFunctionExists.c.o
/usr/bin/cc   -DCHECK_FUNCTION_EXISTS=connect   -o CMakeFiles/cmTC_0be14.dir/CheckFunctionExists.c.o   -c /usr/share/cmake-3.10/Modules/CheckFunctionExists.c
Linking C executable cmTC_0be14
/usr/bin/cmake -E cmake_link_script CMakeFiles/cmTC_0be14.dir/link.txt --verbose=1
/usr/bin/cc  -DCHECK_FUNCTION_EXISTS=connect    -rdynamic CMakeFiles/cmTC_0be14.dir/CheckFunctionExists.c.o  -o cmTC_0be14 
make[1]: Leaving directory '/home/sanjay/Desktop/Whatsapp/fltk-1.3.5/CMakeFiles/CMakeTmp'


Determining if the function remove exists passed with the following output:
Change Dir: /home/sanjay/Desktop/Whatsapp/fltk-1.3.5/CMakeFiles/CMakeTmp

Run Build Command:"/usr/bin/make" "cmTC_24cd1/fast"
/usr/bin/make -f CMakeFiles/cmTC_24cd1.dir/build.make CMakeFiles/cmTC_24cd1.dir/build
make[1]: Entering directory '/home/sanjay/Desktop/Whatsapp/fltk-1.3.5/CMakeFiles/CMakeTmp'
Building C object CMakeFiles/cmTC_24cd1.dir/CheckFunctionExists.c.o
/usr/bin/cc   -DCHECK_FUNCTION_EXISTS=remove   -o CMakeFiles/cmTC_24cd1.dir/CheckFunctionExists.c.o   -c /usr/share/cmake-3.10/Modules/CheckFunctionExists.c
Linking C executable cmTC_24cd1
/usr/bin/cmake -E cmake_link_script CMakeFiles/cmTC_24cd1.dir/link.txt --verbose=1
/usr/bin/cc  -DCHECK_FUNCTION_EXISTS=remove    -rdynamic CMakeFiles/cmTC_24cd1.dir/CheckFunctionExists.c.o  -o cmTC_24cd1 
make[1]: Leaving directory '/home/sanjay/Desktop/Whatsapp/fltk-1.3.5/CMakeFiles/CMakeTmp'


Determining if the function shmat exists passed with the following output:
Change Dir: /home/sanjay/Desktop/Whatsapp/fltk-1.3.5/CMakeFiles/CMakeTmp

Run Build Command:"/usr/bin/make" "cmTC_92281/fast"
/usr/bin/make -f CMakeFiles/cmTC_92281.dir/build.make CMakeFiles/cmTC_92281.dir/build
make[1]: Entering directory '/home/sanjay/Desktop/Whatsapp/fltk-1.3.5/CMakeFiles/CMakeTmp'
Building C object CMakeFiles/cmTC_92281.dir/CheckFunctionExists.c.o
/usr/bin/cc   -DCHECK_FUNCTION_EXISTS=shmat   -o CMakeFiles/cmTC_92281.dir/CheckFunctionExists.c.o   -c /usr/share/cmake-3.10/Modules/CheckFunctionExists.c
Linking C executable cmTC_92281
/usr/bin/cmake -E cmake_link_script CMakeFiles/cmTC_92281.dir/link.txt --verbose=1
/usr/bin/cc  -DCHECK_FUNCTION_EXISTS=shmat    -rdynamic CMakeFiles/cmTC_92281.dir/CheckFunctionExists.c.o  -o cmTC_92281 
make[1]: Leaving directory '/home/sanjay/Desktop/Whatsapp/fltk-1.3.5/CMakeFiles/CMakeTmp'


Determining if the function IceConnectionNumber exists in the ICE passed with the following output:
Change Dir: /home/sanjay/Desktop/Whatsapp/fltk-1.3.5/CMakeFiles/CMakeTmp

Run Build Command:"/usr/bin/make" "cmTC_270cc/fast"
/usr/bin/make -f CMakeFiles/cmTC_270cc.dir/build.make CMakeFiles/cmTC_270cc.dir/build
make[1]: Entering directory '/home/sanjay/Desktop/Whatsapp/fltk-1.3.5/CMakeFiles/CMakeTmp'
Building C object CMakeFiles/cmTC_270cc.dir/CheckFunctionExists.c.o
/usr/bin/cc   -DCHECK_FUNCTION_EXISTS=IceConnectionNumber   -o CMakeFiles/cmTC_270cc.dir/CheckFunctionExists.c.o   -c /usr/share/cmake-3.10/Modules/CheckFunctionExists.c
Linking C executable cmTC_270cc
/usr/bin/cmake -E cmake_link_script CMakeFiles/cmTC_270cc.dir/link.txt --verbose=1
/usr/bin/cc  -DCHECK_FUNCTION_EXISTS=IceConnectionNumber    -rdynamic CMakeFiles/cmTC_270cc.dir/CheckFunctionExists.c.o  -o cmTC_270cc -lICE 
make[1]: Leaving directory '/home/sanjay/Desktop/Whatsapp/fltk-1.3.5/CMakeFiles/CMakeTmp'


Determining if the function glXGetProcAddressARB exists passed with the following output:
Change Dir: /home/sanjay/Desktop/Whatsapp/fltk-1.3.5/CMakeFiles/CMakeTmp

Run Build Command:"/usr/bin/make" "cmTC_c46fc/fast"
/usr/bin/make -f CMakeFiles/cmTC_c46fc.dir/build.make CMakeFiles/cmTC_c46fc.dir/build
make[1]: Entering directory '/home/sanjay/Desktop/Whatsapp/fltk-1.3.5/CMakeFiles/CMakeTmp'
Building C object CMakeFiles/cmTC_c46fc.dir/CheckFunctionExists.c.o
/usr/bin/cc  -I/usr/include/GL  -DCHECK_FUNCTION_EXISTS=glXGetProcAddressARB   -o CMakeFiles/cmTC_c46fc.dir/CheckFunctionExists.c.o   -c /usr/share/cmake-3.10/Modules/CheckFunctionExists.c
Linking C executable cmTC_c46fc
/usr/bin/cmake -E cmake_link_script CMakeFiles/cmTC_c46fc.dir/link.txt --verbose=1
/usr/bin/cc  -DCHECK_FUNCTION_EXISTS=glXGetProcAddressARB    -rdynamic CMakeFiles/cmTC_c46fc.dir/CheckFunctionExists.c.o  -o cmTC_c46fc -lGLU -lGL 
make[1]: Leaving directory '/home/sanjay/Desktop/Whatsapp/fltk-1.3.5/CMakeFiles/CMakeTmp'


Determining if the include file pthread.h exists passed with the following output:
Change Dir: /home/sanjay/Desktop/Whatsapp/fltk-1.3.5/CMakeFiles/CMakeTmp

Run Build Command:"/usr/bin/make" "cmTC_839a9/fast"
/usr/bin/make -f CMakeFiles/cmTC_839a9.dir/build.make CMakeFiles/cmTC_839a9.dir/build
make[1]: Entering directory '/home/sanjay/Desktop/Whatsapp/fltk-1.3.5/CMakeFiles/CMakeTmp'
Building C object CMakeFiles/cmTC_839a9.dir/CheckIncludeFile.c.o
/usr/bin/cc  -I/usr/include/GL   -o CMakeFiles/cmTC_839a9.dir/CheckIncludeFile.c.o   -c /home/sanjay/Desktop/Whatsapp/fltk-1.3.5/CMakeFiles/CMakeTmp/CheckIncludeFile.c
Linking C executable cmTC_839a9
/usr/bin/cmake -E cmake_link_script CMakeFiles/cmTC_839a9.dir/link.txt --verbose=1
/usr/bin/cc      -rdynamic CMakeFiles/cmTC_839a9.dir/CheckIncludeFile.c.o  -o cmTC_839a9 
make[1]: Leaving directory '/home/sanjay/Desktop/Whatsapp/fltk-1.3.5/CMakeFiles/CMakeTmp'


Determining if the function pthread_create exists in the pthread passed with the following output:
Change Dir: /home/sanjay/Desktop/Whatsapp/fltk-1.3.5/CMakeFiles/CMakeTmp

Run Build Command:"/usr/bin/make" "cmTC_5b644/fast"
/usr/bin/make -f CMakeFiles/cmTC_5b644.dir/build.make CMakeFiles/cmTC_5b644.dir/build
make[1]: Entering directory '/home/sanjay/Desktop/Whatsapp/fltk-1.3.5/CMakeFiles/CMakeTmp'
Building C object CMakeFiles/cmTC_5b644.dir/CheckFunctionExists.c.o
/usr/bin/cc   -DCHECK_FUNCTION_EXISTS=pthread_create   -o CMakeFiles/cmTC_5b644.dir/CheckFunctionExists.c.o   -c /usr/share/cmake-3.10/Modules/CheckFunctionExists.c
Linking C executable cmTC_5b644
/usr/bin/cmake -E cmake_link_script CMakeFiles/cmTC_5b644.dir/link.txt --verbose=1
/usr/bin/cc  -DCHECK_FUNCTION_EXISTS=pthread_create    -rdynamic CMakeFiles/cmTC_5b644.dir/CheckFunctionExists.c.o  -o cmTC_5b644 -lpthread 
make[1]: Leaving directory '/home/sanjay/Desktop/Whatsapp/fltk-1.3.5/CMakeFiles/CMakeTmp'


