Determining if the function strlcat exists failed with the following output:
Change Dir: /home/sanjay/Desktop/Whatsapp/fltk-1.3.5/CMakeFiles/CMakeTmp

Run Build Command:"/usr/bin/make" "cmTC_dc06a/fast"
/usr/bin/make -f CMakeFiles/cmTC_dc06a.dir/build.make CMakeFiles/cmTC_dc06a.dir/build
make[1]: Entering directory '/home/sanjay/Desktop/Whatsapp/fltk-1.3.5/CMakeFiles/CMakeTmp'
Building C object CMakeFiles/cmTC_dc06a.dir/CheckFunctionExists.c.o
/usr/bin/cc   -DCHECK_FUNCTION_EXISTS=strlcat   -o CMakeFiles/cmTC_dc06a.dir/CheckFunctionExists.c.o   -c /usr/share/cmake-3.10/Modules/CheckFunctionExists.c
Linking C executable cmTC_dc06a
/usr/bin/cmake -E cmake_link_script CMakeFiles/cmTC_dc06a.dir/link.txt --verbose=1
/usr/bin/cc  -DCHECK_FUNCTION_EXISTS=strlcat    -rdynamic CMakeFiles/cmTC_dc06a.dir/CheckFunctionExists.c.o  -o cmTC_dc06a 
CMakeFiles/cmTC_dc06a.dir/CheckFunctionExists.c.o: In function `main':
CheckFunctionExists.c:(.text+0x10): undefined reference to `strlcat'
collect2: error: ld returned 1 exit status
CMakeFiles/cmTC_dc06a.dir/build.make:97: recipe for target 'cmTC_dc06a' failed
make[1]: *** [cmTC_dc06a] Error 1
make[1]: Leaving directory '/home/sanjay/Desktop/Whatsapp/fltk-1.3.5/CMakeFiles/CMakeTmp'
Makefile:126: recipe for target 'cmTC_dc06a/fast' failed
make: *** [cmTC_dc06a/fast] Error 2


Determining if the function strlcpy exists failed with the following output:
Change Dir: /home/sanjay/Desktop/Whatsapp/fltk-1.3.5/CMakeFiles/CMakeTmp

Run Build Command:"/usr/bin/make" "cmTC_652cc/fast"
/usr/bin/make -f CMakeFiles/cmTC_652cc.dir/build.make CMakeFiles/cmTC_652cc.dir/build
make[1]: Entering directory '/home/sanjay/Desktop/Whatsapp/fltk-1.3.5/CMakeFiles/CMakeTmp'
Building C object CMakeFiles/cmTC_652cc.dir/CheckFunctionExists.c.o
/usr/bin/cc   -DCHECK_FUNCTION_EXISTS=strlcpy   -o CMakeFiles/cmTC_652cc.dir/CheckFunctionExists.c.o   -c /usr/share/cmake-3.10/Modules/CheckFunctionExists.c
Linking C executable cmTC_652cc
/usr/bin/cmake -E cmake_link_script CMakeFiles/cmTC_652cc.dir/link.txt --verbose=1
/usr/bin/cc  -DCHECK_FUNCTION_EXISTS=strlcpy    -rdynamic CMakeFiles/cmTC_652cc.dir/CheckFunctionExists.c.o  -o cmTC_652cc 
CMakeFiles/cmTC_652cc.dir/CheckFunctionExists.c.o: In function `main':
CheckFunctionExists.c:(.text+0x10): undefined reference to `strlcpy'
collect2: error: ld returned 1 exit status
CMakeFiles/cmTC_652cc.dir/build.make:97: recipe for target 'cmTC_652cc' failed
make[1]: *** [cmTC_652cc] Error 1
make[1]: Leaving directory '/home/sanjay/Desktop/Whatsapp/fltk-1.3.5/CMakeFiles/CMakeTmp'
Makefile:126: recipe for target 'cmTC_652cc/fast' failed
make: *** [cmTC_652cc/fast] Error 2


Determining if the pthread_create exist failed with the following output:
Change Dir: /home/sanjay/Desktop/Whatsapp/fltk-1.3.5/CMakeFiles/CMakeTmp

Run Build Command:"/usr/bin/make" "cmTC_6ba42/fast"
/usr/bin/make -f CMakeFiles/cmTC_6ba42.dir/build.make CMakeFiles/cmTC_6ba42.dir/build
make[1]: Entering directory '/home/sanjay/Desktop/Whatsapp/fltk-1.3.5/CMakeFiles/CMakeTmp'
Building C object CMakeFiles/cmTC_6ba42.dir/CheckSymbolExists.c.o
/usr/bin/cc  -I/usr/include/GL   -o CMakeFiles/cmTC_6ba42.dir/CheckSymbolExists.c.o   -c /home/sanjay/Desktop/Whatsapp/fltk-1.3.5/CMakeFiles/CMakeTmp/CheckSymbolExists.c
Linking C executable cmTC_6ba42
/usr/bin/cmake -E cmake_link_script CMakeFiles/cmTC_6ba42.dir/link.txt --verbose=1
/usr/bin/cc      -rdynamic CMakeFiles/cmTC_6ba42.dir/CheckSymbolExists.c.o  -o cmTC_6ba42 
CMakeFiles/cmTC_6ba42.dir/CheckSymbolExists.c.o: In function `main':
CheckSymbolExists.c:(.text+0x1b): undefined reference to `pthread_create'
collect2: error: ld returned 1 exit status
CMakeFiles/cmTC_6ba42.dir/build.make:97: recipe for target 'cmTC_6ba42' failed
make[1]: *** [cmTC_6ba42] Error 1
make[1]: Leaving directory '/home/sanjay/Desktop/Whatsapp/fltk-1.3.5/CMakeFiles/CMakeTmp'
Makefile:126: recipe for target 'cmTC_6ba42/fast' failed
make: *** [cmTC_6ba42/fast] Error 2

File /home/sanjay/Desktop/Whatsapp/fltk-1.3.5/CMakeFiles/CMakeTmp/CheckSymbolExists.c:
/* */
#include <pthread.h>

int main(int argc, char** argv)
{
  (void)argv;
#ifndef pthread_create
  return ((int*)(&pthread_create))[argc];
#else
  (void)argc;
  return 0;
#endif
}

Determining if the function pthread_create exists in the pthreads failed with the following output:
Change Dir: /home/sanjay/Desktop/Whatsapp/fltk-1.3.5/CMakeFiles/CMakeTmp

Run Build Command:"/usr/bin/make" "cmTC_66c28/fast"
/usr/bin/make -f CMakeFiles/cmTC_66c28.dir/build.make CMakeFiles/cmTC_66c28.dir/build
make[1]: Entering directory '/home/sanjay/Desktop/Whatsapp/fltk-1.3.5/CMakeFiles/CMakeTmp'
Building C object CMakeFiles/cmTC_66c28.dir/CheckFunctionExists.c.o
/usr/bin/cc   -DCHECK_FUNCTION_EXISTS=pthread_create   -o CMakeFiles/cmTC_66c28.dir/CheckFunctionExists.c.o   -c /usr/share/cmake-3.10/Modules/CheckFunctionExists.c
Linking C executable cmTC_66c28
/usr/bin/cmake -E cmake_link_script CMakeFiles/cmTC_66c28.dir/link.txt --verbose=1
/usr/bin/cc  -DCHECK_FUNCTION_EXISTS=pthread_create    -rdynamic CMakeFiles/cmTC_66c28.dir/CheckFunctionExists.c.o  -o cmTC_66c28 -lpthreads 
/usr/bin/ld: cannot find -lpthreads
collect2: error: ld returned 1 exit status
CMakeFiles/cmTC_66c28.dir/build.make:97: recipe for target 'cmTC_66c28' failed
make[1]: *** [cmTC_66c28] Error 1
make[1]: Leaving directory '/home/sanjay/Desktop/Whatsapp/fltk-1.3.5/CMakeFiles/CMakeTmp'
Makefile:126: recipe for target 'cmTC_66c28/fast' failed
make: *** [cmTC_66c28/fast] Error 2


